2017-05-09 17:05:16,695 ERROR org.hibernate.tool.hbm2ddl.SchemaExport (SchemaExport.java:425) - HHH000389: Unsuccessful: alter table carts drop constraint FK_kd0j7g2ara8c0s9fkf8etkqhw
2017-05-09 17:05:16,702 ERROR org.hibernate.tool.hbm2ddl.SchemaExport (SchemaExport.java:426) - usuario no tiene privilegios suficientes o objeto no encontrado: PUBLIC.CARTS
2017-05-09 17:05:16,703 ERROR org.hibernate.tool.hbm2ddl.SchemaExport (SchemaExport.java:425) - HHH000389: Unsuccessful: alter table discounts_per_product drop constraint FK_2t3jlv9ilimgx2gvbjpivs5ih
2017-05-09 17:05:16,703 ERROR org.hibernate.tool.hbm2ddl.SchemaExport (SchemaExport.java:426) - usuario no tiene privilegios suficientes o objeto no encontrado: PUBLIC.DISCOUNTS_PER_PRODUCT
2017-05-09 17:05:16,704 ERROR org.hibernate.tool.hbm2ddl.SchemaExport (SchemaExport.java:425) - HHH000389: Unsuccessful: alter table discounts_per_product_category drop constraint FK_rlcvv0sbimdj3wrfhqa6n59tx
2017-05-09 17:05:16,705 ERROR org.hibernate.tool.hbm2ddl.SchemaExport (SchemaExport.java:426) - usuario no tiene privilegios suficientes o objeto no encontrado: PUBLIC.DISCOUNTS_PER_PRODUCT_CATEGORY
2017-05-09 17:05:16,706 ERROR org.hibernate.tool.hbm2ddl.SchemaExport (SchemaExport.java:425) - HHH000389: Unsuccessful: alter table prices drop constraint FK_j66emjiiimluy2q5kacrmxws
2017-05-09 17:05:16,707 ERROR org.hibernate.tool.hbm2ddl.SchemaExport (SchemaExport.java:426) - usuario no tiene privilegios suficientes o objeto no encontrado: PUBLIC.PRICES
2017-05-09 17:05:16,708 ERROR org.hibernate.tool.hbm2ddl.SchemaExport (SchemaExport.java:425) - HHH000389: Unsuccessful: alter table products drop constraint FK_6hy60v15d0rxyov6x0b71wx61
2017-05-09 17:05:16,708 ERROR org.hibernate.tool.hbm2ddl.SchemaExport (SchemaExport.java:426) - usuario no tiene privilegios suficientes o objeto no encontrado: PUBLIC.PRODUCTS
2017-05-09 17:05:16,709 ERROR org.hibernate.tool.hbm2ddl.SchemaExport (SchemaExport.java:425) - HHH000389: Unsuccessful: alter table products drop constraint FK_bo4t9moxwowswgg5jncfwtbbr
2017-05-09 17:05:16,709 ERROR org.hibernate.tool.hbm2ddl.SchemaExport (SchemaExport.java:426) - usuario no tiene privilegios suficientes o objeto no encontrado: PUBLIC.PRODUCTS
2017-05-09 17:05:16,710 ERROR org.hibernate.tool.hbm2ddl.SchemaExport (SchemaExport.java:425) - HHH000389: Unsuccessful: alter table products_products_categories drop constraint FK_72r89e6q7pjsf2fy080rwo3kb
2017-05-09 17:05:16,710 ERROR org.hibernate.tool.hbm2ddl.SchemaExport (SchemaExport.java:426) - usuario no tiene privilegios suficientes o objeto no encontrado: PUBLIC.PRODUCTS_PRODUCTS_CATEGORIES
2017-05-09 17:05:16,711 ERROR org.hibernate.tool.hbm2ddl.SchemaExport (SchemaExport.java:425) - HHH000389: Unsuccessful: alter table products_products_categories drop constraint FK_s3y2vmkv07o7cg3n60jxwr6ep
2017-05-09 17:05:16,711 ERROR org.hibernate.tool.hbm2ddl.SchemaExport (SchemaExport.java:426) - usuario no tiene privilegios suficientes o objeto no encontrado: PUBLIC.PRODUCTS_PRODUCTS_CATEGORIES
2017-05-09 17:05:16,715 ERROR org.hibernate.tool.hbm2ddl.SchemaExport (SchemaExport.java:425) - HHH000389: Unsuccessful: alter table purchases drop constraint FK_tm28ebnkrr31wdbhmjkt7s5fw
2017-05-09 17:05:16,716 ERROR org.hibernate.tool.hbm2ddl.SchemaExport (SchemaExport.java:426) - usuario no tiene privilegios suficientes o objeto no encontrado: PUBLIC.PURCHASES
2017-05-09 17:05:16,716 ERROR org.hibernate.tool.hbm2ddl.SchemaExport (SchemaExport.java:425) - HHH000389: Unsuccessful: alter table purchases drop constraint FK_6mnnj5sx418yjum97fhlcukl6
2017-05-09 17:05:16,717 ERROR org.hibernate.tool.hbm2ddl.SchemaExport (SchemaExport.java:426) - usuario no tiene privilegios suficientes o objeto no encontrado: PUBLIC.PURCHASES
2017-05-09 17:05:16,718 ERROR org.hibernate.tool.hbm2ddl.SchemaExport (SchemaExport.java:425) - HHH000389: Unsuccessful: alter table purchases drop constraint FK_fo88022au8crbsmi34k9i7dgi
2017-05-09 17:05:16,719 ERROR org.hibernate.tool.hbm2ddl.SchemaExport (SchemaExport.java:426) - usuario no tiene privilegios suficientes o objeto no encontrado: PUBLIC.PURCHASES
2017-05-09 17:05:16,720 ERROR org.hibernate.tool.hbm2ddl.SchemaExport (SchemaExport.java:425) - HHH000389: Unsuccessful: alter table purchases drop constraint FK_dq4oj8cchwv09dot5j248b6xp
2017-05-09 17:05:16,721 ERROR org.hibernate.tool.hbm2ddl.SchemaExport (SchemaExport.java:426) - usuario no tiene privilegios suficientes o objeto no encontrado: PUBLIC.PURCHASES
2017-05-09 17:05:16,722 ERROR org.hibernate.tool.hbm2ddl.SchemaExport (SchemaExport.java:425) - HHH000389: Unsuccessful: alter table stocks drop constraint FK_htp625bmmsb6gay567r5sdfoc
2017-05-09 17:05:16,722 ERROR org.hibernate.tool.hbm2ddl.SchemaExport (SchemaExport.java:426) - usuario no tiene privilegios suficientes o objeto no encontrado: PUBLIC.STOCKS
2017-05-09 17:05:16,723 ERROR org.hibernate.tool.hbm2ddl.SchemaExport (SchemaExport.java:425) - HHH000389: Unsuccessful: alter table thresholds_product_category drop constraint FK_apfi2fpldfj0ba4vwlki4yvau
2017-05-09 17:05:16,723 ERROR org.hibernate.tool.hbm2ddl.SchemaExport (SchemaExport.java:426) - usuario no tiene privilegios suficientes o objeto no encontrado: PUBLIC.THRESHOLDS_PRODUCT_CATEGORY
2017-05-09 17:05:17,113 WARN  org.springframework.context.support.AbstractApplicationContext (AbstractApplicationContext.java:487) - Exception encountered during context initialization - cancelling refresh attempt
org.springframework.beans.factory.BeanCreationException: Error creating bean with name 'cartService' defined in file [/home/jejo/Programación/Desarrollo_de_Aplicaciones_TPI/tp_desarrollo/desApp-groupA-backend/target/classes/edu/unq/desapp/groupA/backend/service/CartService.class]: Instantiation of bean failed; nested exception is org.springframework.beans.BeanInstantiationException: Failed to instantiate [edu.unq.desapp.groupA.backend.service.CartService]: No default constructor found; nested exception is java.lang.NoSuchMethodException: edu.unq.desapp.groupA.backend.service.CartService.<init>()
	at org.springframework.beans.factory.support.AbstractAutowireCapableBeanFactory.instantiateBean(AbstractAutowireCapableBeanFactory.java:1093)
	at org.springframework.beans.factory.support.AbstractAutowireCapableBeanFactory.createBeanInstance(AbstractAutowireCapableBeanFactory.java:1038)
	at org.springframework.beans.factory.support.AbstractAutowireCapableBeanFactory.doCreateBean(AbstractAutowireCapableBeanFactory.java:504)
	at org.springframework.beans.factory.support.AbstractAutowireCapableBeanFactory.createBean(AbstractAutowireCapableBeanFactory.java:476)
	at org.springframework.beans.factory.support.AbstractBeanFactory$1.getObject(AbstractBeanFactory.java:302)
	at org.springframework.beans.factory.support.DefaultSingletonBeanRegistry.getSingleton(DefaultSingletonBeanRegistry.java:230)
	at org.springframework.beans.factory.support.AbstractBeanFactory.doGetBean(AbstractBeanFactory.java:298)
	at org.springframework.beans.factory.support.AbstractBeanFactory.getBean(AbstractBeanFactory.java:193)
	at org.springframework.beans.factory.support.DefaultListableBeanFactory.preInstantiateSingletons(DefaultListableBeanFactory.java:762)
	at org.springframework.context.support.AbstractApplicationContext.finishBeanFactoryInitialization(AbstractApplicationContext.java:757)
	at org.springframework.context.support.AbstractApplicationContext.refresh(AbstractApplicationContext.java:480)
	at org.springframework.test.context.support.AbstractGenericContextLoader.loadContext(AbstractGenericContextLoader.java:125)
	at org.springframework.test.context.support.AbstractGenericContextLoader.loadContext(AbstractGenericContextLoader.java:60)
	at org.springframework.test.context.support.AbstractDelegatingSmartContextLoader.delegateLoading(AbstractDelegatingSmartContextLoader.java:109)
	at org.springframework.test.context.support.AbstractDelegatingSmartContextLoader.loadContext(AbstractDelegatingSmartContextLoader.java:261)
	at org.springframework.test.context.DefaultCacheAwareContextLoaderDelegate.loadContextInternal(DefaultCacheAwareContextLoaderDelegate.java:68)
	at org.springframework.test.context.DefaultCacheAwareContextLoaderDelegate.loadContext(DefaultCacheAwareContextLoaderDelegate.java:86)
	at org.springframework.test.context.DefaultTestContext.getApplicationContext(DefaultTestContext.java:72)
	at org.springframework.test.context.support.DependencyInjectionTestExecutionListener.injectDependencies(DependencyInjectionTestExecutionListener.java:117)
	at org.springframework.test.context.support.DependencyInjectionTestExecutionListener.prepareTestInstance(DependencyInjectionTestExecutionListener.java:83)
	at org.springframework.test.context.TestContextManager.prepareTestInstance(TestContextManager.java:212)
	at org.springframework.test.context.junit4.SpringJUnit4ClassRunner.createTest(SpringJUnit4ClassRunner.java:200)
	at org.springframework.test.context.junit4.SpringJUnit4ClassRunner$1.runReflectiveCall(SpringJUnit4ClassRunner.java:252)
	at org.junit.internal.runners.model.ReflectiveCallable.run(ReflectiveCallable.java:12)
	at org.springframework.test.context.junit4.SpringJUnit4ClassRunner.methodBlock(SpringJUnit4ClassRunner.java:254)
	at org.springframework.test.context.junit4.SpringJUnit4ClassRunner.runChild(SpringJUnit4ClassRunner.java:217)
	at org.springframework.test.context.junit4.SpringJUnit4ClassRunner.runChild(SpringJUnit4ClassRunner.java:83)
	at org.junit.runners.ParentRunner$3.run(ParentRunner.java:290)
	at org.junit.runners.ParentRunner$1.schedule(ParentRunner.java:71)
	at org.junit.runners.ParentRunner.runChildren(ParentRunner.java:288)
	at org.junit.runners.ParentRunner.access$000(ParentRunner.java:58)
	at org.junit.runners.ParentRunner$2.evaluate(ParentRunner.java:268)
	at org.springframework.test.context.junit4.statements.RunBeforeTestClassCallbacks.evaluate(RunBeforeTestClassCallbacks.java:61)
	at org.springframework.test.context.junit4.statements.RunAfterTestClassCallbacks.evaluate(RunAfterTestClassCallbacks.java:68)
	at org.junit.runners.ParentRunner.run(ParentRunner.java:363)
	at org.springframework.test.context.junit4.SpringJUnit4ClassRunner.run(SpringJUnit4ClassRunner.java:163)
	at org.eclipse.jdt.internal.junit4.runner.JUnit4TestReference.run(JUnit4TestReference.java:86)
	at org.eclipse.jdt.internal.junit.runner.TestExecution.run(TestExecution.java:38)
	at org.eclipse.jdt.internal.junit.runner.RemoteTestRunner.runTests(RemoteTestRunner.java:459)
	at org.eclipse.jdt.internal.junit.runner.RemoteTestRunner.runTests(RemoteTestRunner.java:675)
	at org.eclipse.jdt.internal.junit.runner.RemoteTestRunner.run(RemoteTestRunner.java:382)
	at org.eclipse.jdt.internal.junit.runner.RemoteTestRunner.main(RemoteTestRunner.java:192)
Caused by: org.springframework.beans.BeanInstantiationException: Failed to instantiate [edu.unq.desapp.groupA.backend.service.CartService]: No default constructor found; nested exception is java.lang.NoSuchMethodException: edu.unq.desapp.groupA.backend.service.CartService.<init>()
	at org.springframework.beans.factory.support.SimpleInstantiationStrategy.instantiate(SimpleInstantiationStrategy.java:85)
	at org.springframework.beans.factory.support.AbstractAutowireCapableBeanFactory.instantiateBean(AbstractAutowireCapableBeanFactory.java:1086)
	... 41 more
Caused by: java.lang.NoSuchMethodException: edu.unq.desapp.groupA.backend.service.CartService.<init>()
	at java.lang.Class.getConstructor0(Class.java:3082)
	at java.lang.Class.getDeclaredConstructor(Class.java:2178)
	at org.springframework.beans.factory.support.SimpleInstantiationStrategy.instantiate(SimpleInstantiationStrategy.java:80)
	... 42 more
2017-05-09 17:05:17,195 ERROR org.springframework.test.context.TestContextManager (TestContextManager.java:215) - Caught exception while allowing TestExecutionListener [org.springframework.test.context.support.DependencyInjectionTestExecutionListener@55f45b92] to prepare test instance [edu.unq.desapp.groupA.backend.repository.test.BrandPersistenceTest@109f5dd8]
java.lang.IllegalStateException: Failed to load ApplicationContext
	at org.springframework.test.context.DefaultCacheAwareContextLoaderDelegate.loadContext(DefaultCacheAwareContextLoaderDelegate.java:94)
	at org.springframework.test.context.DefaultTestContext.getApplicationContext(DefaultTestContext.java:72)
	at org.springframework.test.context.support.DependencyInjectionTestExecutionListener.injectDependencies(DependencyInjectionTestExecutionListener.java:117)
	at org.springframework.test.context.support.DependencyInjectionTestExecutionListener.prepareTestInstance(DependencyInjectionTestExecutionListener.java:83)
	at org.springframework.test.context.TestContextManager.prepareTestInstance(TestContextManager.java:212)
	at org.springframework.test.context.junit4.SpringJUnit4ClassRunner.createTest(SpringJUnit4ClassRunner.java:200)
	at org.springframework.test.context.junit4.SpringJUnit4ClassRunner$1.runReflectiveCall(SpringJUnit4ClassRunner.java:252)
	at org.junit.internal.runners.model.ReflectiveCallable.run(ReflectiveCallable.java:12)
	at org.springframework.test.context.junit4.SpringJUnit4ClassRunner.methodBlock(SpringJUnit4ClassRunner.java:254)
	at org.springframework.test.context.junit4.SpringJUnit4ClassRunner.runChild(SpringJUnit4ClassRunner.java:217)
	at org.springframework.test.context.junit4.SpringJUnit4ClassRunner.runChild(SpringJUnit4ClassRunner.java:83)
	at org.junit.runners.ParentRunner$3.run(ParentRunner.java:290)
	at org.junit.runners.ParentRunner$1.schedule(ParentRunner.java:71)
	at org.junit.runners.ParentRunner.runChildren(ParentRunner.java:288)
	at org.junit.runners.ParentRunner.access$000(ParentRunner.java:58)
	at org.junit.runners.ParentRunner$2.evaluate(ParentRunner.java:268)
	at org.springframework.test.context.junit4.statements.RunBeforeTestClassCallbacks.evaluate(RunBeforeTestClassCallbacks.java:61)
	at org.springframework.test.context.junit4.statements.RunAfterTestClassCallbacks.evaluate(RunAfterTestClassCallbacks.java:68)
	at org.junit.runners.ParentRunner.run(ParentRunner.java:363)
	at org.springframework.test.context.junit4.SpringJUnit4ClassRunner.run(SpringJUnit4ClassRunner.java:163)
	at org.eclipse.jdt.internal.junit4.runner.JUnit4TestReference.run(JUnit4TestReference.java:86)
	at org.eclipse.jdt.internal.junit.runner.TestExecution.run(TestExecution.java:38)
	at org.eclipse.jdt.internal.junit.runner.RemoteTestRunner.runTests(RemoteTestRunner.java:459)
	at org.eclipse.jdt.internal.junit.runner.RemoteTestRunner.runTests(RemoteTestRunner.java:675)
	at org.eclipse.jdt.internal.junit.runner.RemoteTestRunner.run(RemoteTestRunner.java:382)
	at org.eclipse.jdt.internal.junit.runner.RemoteTestRunner.main(RemoteTestRunner.java:192)
Caused by: org.springframework.beans.factory.BeanCreationException: Error creating bean with name 'cartService' defined in file [/home/jejo/Programación/Desarrollo_de_Aplicaciones_TPI/tp_desarrollo/desApp-groupA-backend/target/classes/edu/unq/desapp/groupA/backend/service/CartService.class]: Instantiation of bean failed; nested exception is org.springframework.beans.BeanInstantiationException: Failed to instantiate [edu.unq.desapp.groupA.backend.service.CartService]: No default constructor found; nested exception is java.lang.NoSuchMethodException: edu.unq.desapp.groupA.backend.service.CartService.<init>()
	at org.springframework.beans.factory.support.AbstractAutowireCapableBeanFactory.instantiateBean(AbstractAutowireCapableBeanFactory.java:1093)
	at org.springframework.beans.factory.support.AbstractAutowireCapableBeanFactory.createBeanInstance(AbstractAutowireCapableBeanFactory.java:1038)
	at org.springframework.beans.factory.support.AbstractAutowireCapableBeanFactory.doCreateBean(AbstractAutowireCapableBeanFactory.java:504)
	at org.springframework.beans.factory.support.AbstractAutowireCapableBeanFactory.createBean(AbstractAutowireCapableBeanFactory.java:476)
	at org.springframework.beans.factory.support.AbstractBeanFactory$1.getObject(AbstractBeanFactory.java:302)
	at org.springframework.beans.factory.support.DefaultSingletonBeanRegistry.getSingleton(DefaultSingletonBeanRegistry.java:230)
	at org.springframework.beans.factory.support.AbstractBeanFactory.doGetBean(AbstractBeanFactory.java:298)
	at org.springframework.beans.factory.support.AbstractBeanFactory.getBean(AbstractBeanFactory.java:193)
	at org.springframework.beans.factory.support.DefaultListableBeanFactory.preInstantiateSingletons(DefaultListableBeanFactory.java:762)
	at org.springframework.context.support.AbstractApplicationContext.finishBeanFactoryInitialization(AbstractApplicationContext.java:757)
	at org.springframework.context.support.AbstractApplicationContext.refresh(AbstractApplicationContext.java:480)
	at org.springframework.test.context.support.AbstractGenericContextLoader.loadContext(AbstractGenericContextLoader.java:125)
	at org.springframework.test.context.support.AbstractGenericContextLoader.loadContext(AbstractGenericContextLoader.java:60)
	at org.springframework.test.context.support.AbstractDelegatingSmartContextLoader.delegateLoading(AbstractDelegatingSmartContextLoader.java:109)
	at org.springframework.test.context.support.AbstractDelegatingSmartContextLoader.loadContext(AbstractDelegatingSmartContextLoader.java:261)
	at org.springframework.test.context.DefaultCacheAwareContextLoaderDelegate.loadContextInternal(DefaultCacheAwareContextLoaderDelegate.java:68)
	at org.springframework.test.context.DefaultCacheAwareContextLoaderDelegate.loadContext(DefaultCacheAwareContextLoaderDelegate.java:86)
	... 25 more
Caused by: org.springframework.beans.BeanInstantiationException: Failed to instantiate [edu.unq.desapp.groupA.backend.service.CartService]: No default constructor found; nested exception is java.lang.NoSuchMethodException: edu.unq.desapp.groupA.backend.service.CartService.<init>()
	at org.springframework.beans.factory.support.SimpleInstantiationStrategy.instantiate(SimpleInstantiationStrategy.java:85)
	at org.springframework.beans.factory.support.AbstractAutowireCapableBeanFactory.instantiateBean(AbstractAutowireCapableBeanFactory.java:1086)
	... 41 more
Caused by: java.lang.NoSuchMethodException: edu.unq.desapp.groupA.backend.service.CartService.<init>()
	at java.lang.Class.getConstructor0(Class.java:3082)
	at java.lang.Class.getDeclaredConstructor(Class.java:2178)
	at org.springframework.beans.factory.support.SimpleInstantiationStrategy.instantiate(SimpleInstantiationStrategy.java:80)
	... 42 more
2017-05-09 17:06:02,284 ERROR org.hibernate.tool.hbm2ddl.SchemaExport (SchemaExport.java:425) - HHH000389: Unsuccessful: alter table carts drop constraint FK_kd0j7g2ara8c0s9fkf8etkqhw
2017-05-09 17:06:02,289 ERROR org.hibernate.tool.hbm2ddl.SchemaExport (SchemaExport.java:426) - usuario no tiene privilegios suficientes o objeto no encontrado: PUBLIC.CARTS
2017-05-09 17:06:02,290 ERROR org.hibernate.tool.hbm2ddl.SchemaExport (SchemaExport.java:425) - HHH000389: Unsuccessful: alter table discounts_per_product drop constraint FK_2t3jlv9ilimgx2gvbjpivs5ih
2017-05-09 17:06:02,290 ERROR org.hibernate.tool.hbm2ddl.SchemaExport (SchemaExport.java:426) - usuario no tiene privilegios suficientes o objeto no encontrado: PUBLIC.DISCOUNTS_PER_PRODUCT
2017-05-09 17:06:02,292 ERROR org.hibernate.tool.hbm2ddl.SchemaExport (SchemaExport.java:425) - HHH000389: Unsuccessful: alter table discounts_per_product_category drop constraint FK_rlcvv0sbimdj3wrfhqa6n59tx
2017-05-09 17:06:02,292 ERROR org.hibernate.tool.hbm2ddl.SchemaExport (SchemaExport.java:426) - usuario no tiene privilegios suficientes o objeto no encontrado: PUBLIC.DISCOUNTS_PER_PRODUCT_CATEGORY
2017-05-09 17:06:02,293 ERROR org.hibernate.tool.hbm2ddl.SchemaExport (SchemaExport.java:425) - HHH000389: Unsuccessful: alter table prices drop constraint FK_j66emjiiimluy2q5kacrmxws
2017-05-09 17:06:02,294 ERROR org.hibernate.tool.hbm2ddl.SchemaExport (SchemaExport.java:426) - usuario no tiene privilegios suficientes o objeto no encontrado: PUBLIC.PRICES
2017-05-09 17:06:02,294 ERROR org.hibernate.tool.hbm2ddl.SchemaExport (SchemaExport.java:425) - HHH000389: Unsuccessful: alter table products drop constraint FK_6hy60v15d0rxyov6x0b71wx61
2017-05-09 17:06:02,295 ERROR org.hibernate.tool.hbm2ddl.SchemaExport (SchemaExport.java:426) - usuario no tiene privilegios suficientes o objeto no encontrado: PUBLIC.PRODUCTS
2017-05-09 17:06:02,295 ERROR org.hibernate.tool.hbm2ddl.SchemaExport (SchemaExport.java:425) - HHH000389: Unsuccessful: alter table products drop constraint FK_bo4t9moxwowswgg5jncfwtbbr
2017-05-09 17:06:02,295 ERROR org.hibernate.tool.hbm2ddl.SchemaExport (SchemaExport.java:426) - usuario no tiene privilegios suficientes o objeto no encontrado: PUBLIC.PRODUCTS
2017-05-09 17:06:02,296 ERROR org.hibernate.tool.hbm2ddl.SchemaExport (SchemaExport.java:425) - HHH000389: Unsuccessful: alter table products_products_categories drop constraint FK_72r89e6q7pjsf2fy080rwo3kb
2017-05-09 17:06:02,296 ERROR org.hibernate.tool.hbm2ddl.SchemaExport (SchemaExport.java:426) - usuario no tiene privilegios suficientes o objeto no encontrado: PUBLIC.PRODUCTS_PRODUCTS_CATEGORIES
2017-05-09 17:06:02,296 ERROR org.hibernate.tool.hbm2ddl.SchemaExport (SchemaExport.java:425) - HHH000389: Unsuccessful: alter table products_products_categories drop constraint FK_s3y2vmkv07o7cg3n60jxwr6ep
2017-05-09 17:06:02,297 ERROR org.hibernate.tool.hbm2ddl.SchemaExport (SchemaExport.java:426) - usuario no tiene privilegios suficientes o objeto no encontrado: PUBLIC.PRODUCTS_PRODUCTS_CATEGORIES
2017-05-09 17:06:02,298 ERROR org.hibernate.tool.hbm2ddl.SchemaExport (SchemaExport.java:425) - HHH000389: Unsuccessful: alter table purchases drop constraint FK_tm28ebnkrr31wdbhmjkt7s5fw
2017-05-09 17:06:02,299 ERROR org.hibernate.tool.hbm2ddl.SchemaExport (SchemaExport.java:426) - usuario no tiene privilegios suficientes o objeto no encontrado: PUBLIC.PURCHASES
2017-05-09 17:06:02,299 ERROR org.hibernate.tool.hbm2ddl.SchemaExport (SchemaExport.java:425) - HHH000389: Unsuccessful: alter table purchases drop constraint FK_6mnnj5sx418yjum97fhlcukl6
2017-05-09 17:06:02,300 ERROR org.hibernate.tool.hbm2ddl.SchemaExport (SchemaExport.java:426) - usuario no tiene privilegios suficientes o objeto no encontrado: PUBLIC.PURCHASES
2017-05-09 17:06:02,300 ERROR org.hibernate.tool.hbm2ddl.SchemaExport (SchemaExport.java:425) - HHH000389: Unsuccessful: alter table purchases drop constraint FK_fo88022au8crbsmi34k9i7dgi
2017-05-09 17:06:02,300 ERROR org.hibernate.tool.hbm2ddl.SchemaExport (SchemaExport.java:426) - usuario no tiene privilegios suficientes o objeto no encontrado: PUBLIC.PURCHASES
2017-05-09 17:06:02,301 ERROR org.hibernate.tool.hbm2ddl.SchemaExport (SchemaExport.java:425) - HHH000389: Unsuccessful: alter table purchases drop constraint FK_dq4oj8cchwv09dot5j248b6xp
2017-05-09 17:06:02,302 ERROR org.hibernate.tool.hbm2ddl.SchemaExport (SchemaExport.java:426) - usuario no tiene privilegios suficientes o objeto no encontrado: PUBLIC.PURCHASES
2017-05-09 17:06:02,302 ERROR org.hibernate.tool.hbm2ddl.SchemaExport (SchemaExport.java:425) - HHH000389: Unsuccessful: alter table stocks drop constraint FK_htp625bmmsb6gay567r5sdfoc
2017-05-09 17:06:02,303 ERROR org.hibernate.tool.hbm2ddl.SchemaExport (SchemaExport.java:426) - usuario no tiene privilegios suficientes o objeto no encontrado: PUBLIC.STOCKS
2017-05-09 17:06:02,303 ERROR org.hibernate.tool.hbm2ddl.SchemaExport (SchemaExport.java:425) - HHH000389: Unsuccessful: alter table thresholds_product_category drop constraint FK_apfi2fpldfj0ba4vwlki4yvau
2017-05-09 17:06:02,304 ERROR org.hibernate.tool.hbm2ddl.SchemaExport (SchemaExport.java:426) - usuario no tiene privilegios suficientes o objeto no encontrado: PUBLIC.THRESHOLDS_PRODUCT_CATEGORY
2017-05-09 17:06:02,601 WARN  org.springframework.context.support.AbstractApplicationContext (AbstractApplicationContext.java:487) - Exception encountered during context initialization - cancelling refresh attempt
org.springframework.beans.factory.BeanCreationException: Error creating bean with name 'stockService' defined in file [/home/jejo/Programación/Desarrollo_de_Aplicaciones_TPI/tp_desarrollo/desApp-groupA-backend/target/classes/edu/unq/desapp/groupA/backend/service/StockService.class]: Instantiation of bean failed; nested exception is org.springframework.beans.BeanInstantiationException: Failed to instantiate [edu.unq.desapp.groupA.backend.service.StockService]: No default constructor found; nested exception is java.lang.NoSuchMethodException: edu.unq.desapp.groupA.backend.service.StockService.<init>()
	at org.springframework.beans.factory.support.AbstractAutowireCapableBeanFactory.instantiateBean(AbstractAutowireCapableBeanFactory.java:1093)
	at org.springframework.beans.factory.support.AbstractAutowireCapableBeanFactory.createBeanInstance(AbstractAutowireCapableBeanFactory.java:1038)
	at org.springframework.beans.factory.support.AbstractAutowireCapableBeanFactory.doCreateBean(AbstractAutowireCapableBeanFactory.java:504)
	at org.springframework.beans.factory.support.AbstractAutowireCapableBeanFactory.createBean(AbstractAutowireCapableBeanFactory.java:476)
	at org.springframework.beans.factory.support.AbstractBeanFactory$1.getObject(AbstractBeanFactory.java:302)
	at org.springframework.beans.factory.support.DefaultSingletonBeanRegistry.getSingleton(DefaultSingletonBeanRegistry.java:230)
	at org.springframework.beans.factory.support.AbstractBeanFactory.doGetBean(AbstractBeanFactory.java:298)
	at org.springframework.beans.factory.support.AbstractBeanFactory.getBean(AbstractBeanFactory.java:193)
	at org.springframework.beans.factory.support.DefaultListableBeanFactory.preInstantiateSingletons(DefaultListableBeanFactory.java:762)
	at org.springframework.context.support.AbstractApplicationContext.finishBeanFactoryInitialization(AbstractApplicationContext.java:757)
	at org.springframework.context.support.AbstractApplicationContext.refresh(AbstractApplicationContext.java:480)
	at org.springframework.test.context.support.AbstractGenericContextLoader.loadContext(AbstractGenericContextLoader.java:125)
	at org.springframework.test.context.support.AbstractGenericContextLoader.loadContext(AbstractGenericContextLoader.java:60)
	at org.springframework.test.context.support.AbstractDelegatingSmartContextLoader.delegateLoading(AbstractDelegatingSmartContextLoader.java:109)
	at org.springframework.test.context.support.AbstractDelegatingSmartContextLoader.loadContext(AbstractDelegatingSmartContextLoader.java:261)
	at org.springframework.test.context.DefaultCacheAwareContextLoaderDelegate.loadContextInternal(DefaultCacheAwareContextLoaderDelegate.java:68)
	at org.springframework.test.context.DefaultCacheAwareContextLoaderDelegate.loadContext(DefaultCacheAwareContextLoaderDelegate.java:86)
	at org.springframework.test.context.DefaultTestContext.getApplicationContext(DefaultTestContext.java:72)
	at org.springframework.test.context.support.DependencyInjectionTestExecutionListener.injectDependencies(DependencyInjectionTestExecutionListener.java:117)
	at org.springframework.test.context.support.DependencyInjectionTestExecutionListener.prepareTestInstance(DependencyInjectionTestExecutionListener.java:83)
	at org.springframework.test.context.TestContextManager.prepareTestInstance(TestContextManager.java:212)
	at org.springframework.test.context.junit4.SpringJUnit4ClassRunner.createTest(SpringJUnit4ClassRunner.java:200)
	at org.springframework.test.context.junit4.SpringJUnit4ClassRunner$1.runReflectiveCall(SpringJUnit4ClassRunner.java:252)
	at org.junit.internal.runners.model.ReflectiveCallable.run(ReflectiveCallable.java:12)
	at org.springframework.test.context.junit4.SpringJUnit4ClassRunner.methodBlock(SpringJUnit4ClassRunner.java:254)
	at org.springframework.test.context.junit4.SpringJUnit4ClassRunner.runChild(SpringJUnit4ClassRunner.java:217)
	at org.springframework.test.context.junit4.SpringJUnit4ClassRunner.runChild(SpringJUnit4ClassRunner.java:83)
	at org.junit.runners.ParentRunner$3.run(ParentRunner.java:290)
	at org.junit.runners.ParentRunner$1.schedule(ParentRunner.java:71)
	at org.junit.runners.ParentRunner.runChildren(ParentRunner.java:288)
	at org.junit.runners.ParentRunner.access$000(ParentRunner.java:58)
	at org.junit.runners.ParentRunner$2.evaluate(ParentRunner.java:268)
	at org.springframework.test.context.junit4.statements.RunBeforeTestClassCallbacks.evaluate(RunBeforeTestClassCallbacks.java:61)
	at org.springframework.test.context.junit4.statements.RunAfterTestClassCallbacks.evaluate(RunAfterTestClassCallbacks.java:68)
	at org.junit.runners.ParentRunner.run(ParentRunner.java:363)
	at org.springframework.test.context.junit4.SpringJUnit4ClassRunner.run(SpringJUnit4ClassRunner.java:163)
	at org.eclipse.jdt.internal.junit4.runner.JUnit4TestReference.run(JUnit4TestReference.java:86)
	at org.eclipse.jdt.internal.junit.runner.TestExecution.run(TestExecution.java:38)
	at org.eclipse.jdt.internal.junit.runner.RemoteTestRunner.runTests(RemoteTestRunner.java:459)
	at org.eclipse.jdt.internal.junit.runner.RemoteTestRunner.runTests(RemoteTestRunner.java:675)
	at org.eclipse.jdt.internal.junit.runner.RemoteTestRunner.run(RemoteTestRunner.java:382)
	at org.eclipse.jdt.internal.junit.runner.RemoteTestRunner.main(RemoteTestRunner.java:192)
Caused by: org.springframework.beans.BeanInstantiationException: Failed to instantiate [edu.unq.desapp.groupA.backend.service.StockService]: No default constructor found; nested exception is java.lang.NoSuchMethodException: edu.unq.desapp.groupA.backend.service.StockService.<init>()
	at org.springframework.beans.factory.support.SimpleInstantiationStrategy.instantiate(SimpleInstantiationStrategy.java:85)
	at org.springframework.beans.factory.support.AbstractAutowireCapableBeanFactory.instantiateBean(AbstractAutowireCapableBeanFactory.java:1086)
	... 41 more
Caused by: java.lang.NoSuchMethodException: edu.unq.desapp.groupA.backend.service.StockService.<init>()
	at java.lang.Class.getConstructor0(Class.java:3082)
	at java.lang.Class.getDeclaredConstructor(Class.java:2178)
	at org.springframework.beans.factory.support.SimpleInstantiationStrategy.instantiate(SimpleInstantiationStrategy.java:80)
	... 42 more
2017-05-09 17:06:02,643 ERROR org.springframework.test.context.TestContextManager (TestContextManager.java:215) - Caught exception while allowing TestExecutionListener [org.springframework.test.context.support.DependencyInjectionTestExecutionListener@43d455c9] to prepare test instance [edu.unq.desapp.groupA.backend.repository.test.BrandPersistenceTest@4c9e9fb8]
java.lang.IllegalStateException: Failed to load ApplicationContext
	at org.springframework.test.context.DefaultCacheAwareContextLoaderDelegate.loadContext(DefaultCacheAwareContextLoaderDelegate.java:94)
	at org.springframework.test.context.DefaultTestContext.getApplicationContext(DefaultTestContext.java:72)
	at org.springframework.test.context.support.DependencyInjectionTestExecutionListener.injectDependencies(DependencyInjectionTestExecutionListener.java:117)
	at org.springframework.test.context.support.DependencyInjectionTestExecutionListener.prepareTestInstance(DependencyInjectionTestExecutionListener.java:83)
	at org.springframework.test.context.TestContextManager.prepareTestInstance(TestContextManager.java:212)
	at org.springframework.test.context.junit4.SpringJUnit4ClassRunner.createTest(SpringJUnit4ClassRunner.java:200)
	at org.springframework.test.context.junit4.SpringJUnit4ClassRunner$1.runReflectiveCall(SpringJUnit4ClassRunner.java:252)
	at org.junit.internal.runners.model.ReflectiveCallable.run(ReflectiveCallable.java:12)
	at org.springframework.test.context.junit4.SpringJUnit4ClassRunner.methodBlock(SpringJUnit4ClassRunner.java:254)
	at org.springframework.test.context.junit4.SpringJUnit4ClassRunner.runChild(SpringJUnit4ClassRunner.java:217)
	at org.springframework.test.context.junit4.SpringJUnit4ClassRunner.runChild(SpringJUnit4ClassRunner.java:83)
	at org.junit.runners.ParentRunner$3.run(ParentRunner.java:290)
	at org.junit.runners.ParentRunner$1.schedule(ParentRunner.java:71)
	at org.junit.runners.ParentRunner.runChildren(ParentRunner.java:288)
	at org.junit.runners.ParentRunner.access$000(ParentRunner.java:58)
	at org.junit.runners.ParentRunner$2.evaluate(ParentRunner.java:268)
	at org.springframework.test.context.junit4.statements.RunBeforeTestClassCallbacks.evaluate(RunBeforeTestClassCallbacks.java:61)
	at org.springframework.test.context.junit4.statements.RunAfterTestClassCallbacks.evaluate(RunAfterTestClassCallbacks.java:68)
	at org.junit.runners.ParentRunner.run(ParentRunner.java:363)
	at org.springframework.test.context.junit4.SpringJUnit4ClassRunner.run(SpringJUnit4ClassRunner.java:163)
	at org.eclipse.jdt.internal.junit4.runner.JUnit4TestReference.run(JUnit4TestReference.java:86)
	at org.eclipse.jdt.internal.junit.runner.TestExecution.run(TestExecution.java:38)
	at org.eclipse.jdt.internal.junit.runner.RemoteTestRunner.runTests(RemoteTestRunner.java:459)
	at org.eclipse.jdt.internal.junit.runner.RemoteTestRunner.runTests(RemoteTestRunner.java:675)
	at org.eclipse.jdt.internal.junit.runner.RemoteTestRunner.run(RemoteTestRunner.java:382)
	at org.eclipse.jdt.internal.junit.runner.RemoteTestRunner.main(RemoteTestRunner.java:192)
Caused by: org.springframework.beans.factory.BeanCreationException: Error creating bean with name 'stockService' defined in file [/home/jejo/Programación/Desarrollo_de_Aplicaciones_TPI/tp_desarrollo/desApp-groupA-backend/target/classes/edu/unq/desapp/groupA/backend/service/StockService.class]: Instantiation of bean failed; nested exception is org.springframework.beans.BeanInstantiationException: Failed to instantiate [edu.unq.desapp.groupA.backend.service.StockService]: No default constructor found; nested exception is java.lang.NoSuchMethodException: edu.unq.desapp.groupA.backend.service.StockService.<init>()
	at org.springframework.beans.factory.support.AbstractAutowireCapableBeanFactory.instantiateBean(AbstractAutowireCapableBeanFactory.java:1093)
	at org.springframework.beans.factory.support.AbstractAutowireCapableBeanFactory.createBeanInstance(AbstractAutowireCapableBeanFactory.java:1038)
	at org.springframework.beans.factory.support.AbstractAutowireCapableBeanFactory.doCreateBean(AbstractAutowireCapableBeanFactory.java:504)
	at org.springframework.beans.factory.support.AbstractAutowireCapableBeanFactory.createBean(AbstractAutowireCapableBeanFactory.java:476)
	at org.springframework.beans.factory.support.AbstractBeanFactory$1.getObject(AbstractBeanFactory.java:302)
	at org.springframework.beans.factory.support.DefaultSingletonBeanRegistry.getSingleton(DefaultSingletonBeanRegistry.java:230)
	at org.springframework.beans.factory.support.AbstractBeanFactory.doGetBean(AbstractBeanFactory.java:298)
	at org.springframework.beans.factory.support.AbstractBeanFactory.getBean(AbstractBeanFactory.java:193)
	at org.springframework.beans.factory.support.DefaultListableBeanFactory.preInstantiateSingletons(DefaultListableBeanFactory.java:762)
	at org.springframework.context.support.AbstractApplicationContext.finishBeanFactoryInitialization(AbstractApplicationContext.java:757)
	at org.springframework.context.support.AbstractApplicationContext.refresh(AbstractApplicationContext.java:480)
	at org.springframework.test.context.support.AbstractGenericContextLoader.loadContext(AbstractGenericContextLoader.java:125)
	at org.springframework.test.context.support.AbstractGenericContextLoader.loadContext(AbstractGenericContextLoader.java:60)
	at org.springframework.test.context.support.AbstractDelegatingSmartContextLoader.delegateLoading(AbstractDelegatingSmartContextLoader.java:109)
	at org.springframework.test.context.support.AbstractDelegatingSmartContextLoader.loadContext(AbstractDelegatingSmartContextLoader.java:261)
	at org.springframework.test.context.DefaultCacheAwareContextLoaderDelegate.loadContextInternal(DefaultCacheAwareContextLoaderDelegate.java:68)
	at org.springframework.test.context.DefaultCacheAwareContextLoaderDelegate.loadContext(DefaultCacheAwareContextLoaderDelegate.java:86)
	... 25 more
Caused by: org.springframework.beans.BeanInstantiationException: Failed to instantiate [edu.unq.desapp.groupA.backend.service.StockService]: No default constructor found; nested exception is java.lang.NoSuchMethodException: edu.unq.desapp.groupA.backend.service.StockService.<init>()
	at org.springframework.beans.factory.support.SimpleInstantiationStrategy.instantiate(SimpleInstantiationStrategy.java:85)
	at org.springframework.beans.factory.support.AbstractAutowireCapableBeanFactory.instantiateBean(AbstractAutowireCapableBeanFactory.java:1086)
	... 41 more
Caused by: java.lang.NoSuchMethodException: edu.unq.desapp.groupA.backend.service.StockService.<init>()
	at java.lang.Class.getConstructor0(Class.java:3082)
	at java.lang.Class.getDeclaredConstructor(Class.java:2178)
	at org.springframework.beans.factory.support.SimpleInstantiationStrategy.instantiate(SimpleInstantiationStrategy.java:80)
	... 42 more
2017-05-09 17:07:02,840 ERROR org.hibernate.tool.hbm2ddl.SchemaExport (SchemaExport.java:425) - HHH000389: Unsuccessful: alter table carts drop constraint FK_kd0j7g2ara8c0s9fkf8etkqhw
2017-05-09 17:07:02,845 ERROR org.hibernate.tool.hbm2ddl.SchemaExport (SchemaExport.java:426) - usuario no tiene privilegios suficientes o objeto no encontrado: PUBLIC.CARTS
2017-05-09 17:07:02,846 ERROR org.hibernate.tool.hbm2ddl.SchemaExport (SchemaExport.java:425) - HHH000389: Unsuccessful: alter table discounts_per_product drop constraint FK_2t3jlv9ilimgx2gvbjpivs5ih
2017-05-09 17:07:02,846 ERROR org.hibernate.tool.hbm2ddl.SchemaExport (SchemaExport.java:426) - usuario no tiene privilegios suficientes o objeto no encontrado: PUBLIC.DISCOUNTS_PER_PRODUCT
2017-05-09 17:07:02,847 ERROR org.hibernate.tool.hbm2ddl.SchemaExport (SchemaExport.java:425) - HHH000389: Unsuccessful: alter table discounts_per_product_category drop constraint FK_rlcvv0sbimdj3wrfhqa6n59tx
2017-05-09 17:07:02,847 ERROR org.hibernate.tool.hbm2ddl.SchemaExport (SchemaExport.java:426) - usuario no tiene privilegios suficientes o objeto no encontrado: PUBLIC.DISCOUNTS_PER_PRODUCT_CATEGORY
2017-05-09 17:07:02,849 ERROR org.hibernate.tool.hbm2ddl.SchemaExport (SchemaExport.java:425) - HHH000389: Unsuccessful: alter table prices drop constraint FK_j66emjiiimluy2q5kacrmxws
2017-05-09 17:07:02,849 ERROR org.hibernate.tool.hbm2ddl.SchemaExport (SchemaExport.java:426) - usuario no tiene privilegios suficientes o objeto no encontrado: PUBLIC.PRICES
2017-05-09 17:07:02,850 ERROR org.hibernate.tool.hbm2ddl.SchemaExport (SchemaExport.java:425) - HHH000389: Unsuccessful: alter table products drop constraint FK_6hy60v15d0rxyov6x0b71wx61
2017-05-09 17:07:02,850 ERROR org.hibernate.tool.hbm2ddl.SchemaExport (SchemaExport.java:426) - usuario no tiene privilegios suficientes o objeto no encontrado: PUBLIC.PRODUCTS
2017-05-09 17:07:02,851 ERROR org.hibernate.tool.hbm2ddl.SchemaExport (SchemaExport.java:425) - HHH000389: Unsuccessful: alter table products drop constraint FK_bo4t9moxwowswgg5jncfwtbbr
2017-05-09 17:07:02,851 ERROR org.hibernate.tool.hbm2ddl.SchemaExport (SchemaExport.java:426) - usuario no tiene privilegios suficientes o objeto no encontrado: PUBLIC.PRODUCTS
2017-05-09 17:07:02,852 ERROR org.hibernate.tool.hbm2ddl.SchemaExport (SchemaExport.java:425) - HHH000389: Unsuccessful: alter table products_products_categories drop constraint FK_72r89e6q7pjsf2fy080rwo3kb
2017-05-09 17:07:02,852 ERROR org.hibernate.tool.hbm2ddl.SchemaExport (SchemaExport.java:426) - usuario no tiene privilegios suficientes o objeto no encontrado: PUBLIC.PRODUCTS_PRODUCTS_CATEGORIES
2017-05-09 17:07:02,853 ERROR org.hibernate.tool.hbm2ddl.SchemaExport (SchemaExport.java:425) - HHH000389: Unsuccessful: alter table products_products_categories drop constraint FK_s3y2vmkv07o7cg3n60jxwr6ep
2017-05-09 17:07:02,853 ERROR org.hibernate.tool.hbm2ddl.SchemaExport (SchemaExport.java:426) - usuario no tiene privilegios suficientes o objeto no encontrado: PUBLIC.PRODUCTS_PRODUCTS_CATEGORIES
2017-05-09 17:07:02,855 ERROR org.hibernate.tool.hbm2ddl.SchemaExport (SchemaExport.java:425) - HHH000389: Unsuccessful: alter table purchases drop constraint FK_tm28ebnkrr31wdbhmjkt7s5fw
2017-05-09 17:07:02,856 ERROR org.hibernate.tool.hbm2ddl.SchemaExport (SchemaExport.java:426) - usuario no tiene privilegios suficientes o objeto no encontrado: PUBLIC.PURCHASES
2017-05-09 17:07:02,856 ERROR org.hibernate.tool.hbm2ddl.SchemaExport (SchemaExport.java:425) - HHH000389: Unsuccessful: alter table purchases drop constraint FK_6mnnj5sx418yjum97fhlcukl6
2017-05-09 17:07:02,857 ERROR org.hibernate.tool.hbm2ddl.SchemaExport (SchemaExport.java:426) - usuario no tiene privilegios suficientes o objeto no encontrado: PUBLIC.PURCHASES
2017-05-09 17:07:02,857 ERROR org.hibernate.tool.hbm2ddl.SchemaExport (SchemaExport.java:425) - HHH000389: Unsuccessful: alter table purchases drop constraint FK_fo88022au8crbsmi34k9i7dgi
2017-05-09 17:07:02,858 ERROR org.hibernate.tool.hbm2ddl.SchemaExport (SchemaExport.java:426) - usuario no tiene privilegios suficientes o objeto no encontrado: PUBLIC.PURCHASES
2017-05-09 17:07:02,859 ERROR org.hibernate.tool.hbm2ddl.SchemaExport (SchemaExport.java:425) - HHH000389: Unsuccessful: alter table purchases drop constraint FK_dq4oj8cchwv09dot5j248b6xp
2017-05-09 17:07:02,859 ERROR org.hibernate.tool.hbm2ddl.SchemaExport (SchemaExport.java:426) - usuario no tiene privilegios suficientes o objeto no encontrado: PUBLIC.PURCHASES
2017-05-09 17:07:02,860 ERROR org.hibernate.tool.hbm2ddl.SchemaExport (SchemaExport.java:425) - HHH000389: Unsuccessful: alter table stocks drop constraint FK_htp625bmmsb6gay567r5sdfoc
2017-05-09 17:07:02,860 ERROR org.hibernate.tool.hbm2ddl.SchemaExport (SchemaExport.java:426) - usuario no tiene privilegios suficientes o objeto no encontrado: PUBLIC.STOCKS
2017-05-09 17:07:02,861 ERROR org.hibernate.tool.hbm2ddl.SchemaExport (SchemaExport.java:425) - HHH000389: Unsuccessful: alter table thresholds_product_category drop constraint FK_apfi2fpldfj0ba4vwlki4yvau
2017-05-09 17:07:02,861 ERROR org.hibernate.tool.hbm2ddl.SchemaExport (SchemaExport.java:426) - usuario no tiene privilegios suficientes o objeto no encontrado: PUBLIC.THRESHOLDS_PRODUCT_CATEGORY
2017-05-09 17:07:03,294 WARN  org.springframework.context.support.AbstractApplicationContext (AbstractApplicationContext.java:487) - Exception encountered during context initialization - cancelling refresh attempt
org.springframework.beans.factory.BeanCreationException: Error creating bean with name 'productThresoldService' defined in file [/home/jejo/Programación/Desarrollo_de_Aplicaciones_TPI/tp_desarrollo/desApp-groupA-backend/target/classes/edu/unq/desapp/groupA/backend/service/ProductThresoldService.class]: Instantiation of bean failed; nested exception is org.springframework.beans.BeanInstantiationException: Failed to instantiate [edu.unq.desapp.groupA.backend.service.ProductThresoldService]: No default constructor found; nested exception is java.lang.NoSuchMethodException: edu.unq.desapp.groupA.backend.service.ProductThresoldService.<init>()
	at org.springframework.beans.factory.support.AbstractAutowireCapableBeanFactory.instantiateBean(AbstractAutowireCapableBeanFactory.java:1093)
	at org.springframework.beans.factory.support.AbstractAutowireCapableBeanFactory.createBeanInstance(AbstractAutowireCapableBeanFactory.java:1038)
	at org.springframework.beans.factory.support.AbstractAutowireCapableBeanFactory.doCreateBean(AbstractAutowireCapableBeanFactory.java:504)
	at org.springframework.beans.factory.support.AbstractAutowireCapableBeanFactory.createBean(AbstractAutowireCapableBeanFactory.java:476)
	at org.springframework.beans.factory.support.AbstractBeanFactory$1.getObject(AbstractBeanFactory.java:302)
	at org.springframework.beans.factory.support.DefaultSingletonBeanRegistry.getSingleton(DefaultSingletonBeanRegistry.java:230)
	at org.springframework.beans.factory.support.AbstractBeanFactory.doGetBean(AbstractBeanFactory.java:298)
	at org.springframework.beans.factory.support.AbstractBeanFactory.getBean(AbstractBeanFactory.java:193)
	at org.springframework.beans.factory.support.DefaultListableBeanFactory.preInstantiateSingletons(DefaultListableBeanFactory.java:762)
	at org.springframework.context.support.AbstractApplicationContext.finishBeanFactoryInitialization(AbstractApplicationContext.java:757)
	at org.springframework.context.support.AbstractApplicationContext.refresh(AbstractApplicationContext.java:480)
	at org.springframework.test.context.support.AbstractGenericContextLoader.loadContext(AbstractGenericContextLoader.java:125)
	at org.springframework.test.context.support.AbstractGenericContextLoader.loadContext(AbstractGenericContextLoader.java:60)
	at org.springframework.test.context.support.AbstractDelegatingSmartContextLoader.delegateLoading(AbstractDelegatingSmartContextLoader.java:109)
	at org.springframework.test.context.support.AbstractDelegatingSmartContextLoader.loadContext(AbstractDelegatingSmartContextLoader.java:261)
	at org.springframework.test.context.DefaultCacheAwareContextLoaderDelegate.loadContextInternal(DefaultCacheAwareContextLoaderDelegate.java:68)
	at org.springframework.test.context.DefaultCacheAwareContextLoaderDelegate.loadContext(DefaultCacheAwareContextLoaderDelegate.java:86)
	at org.springframework.test.context.DefaultTestContext.getApplicationContext(DefaultTestContext.java:72)
	at org.springframework.test.context.support.DependencyInjectionTestExecutionListener.injectDependencies(DependencyInjectionTestExecutionListener.java:117)
	at org.springframework.test.context.support.DependencyInjectionTestExecutionListener.prepareTestInstance(DependencyInjectionTestExecutionListener.java:83)
	at org.springframework.test.context.TestContextManager.prepareTestInstance(TestContextManager.java:212)
	at org.springframework.test.context.junit4.SpringJUnit4ClassRunner.createTest(SpringJUnit4ClassRunner.java:200)
	at org.springframework.test.context.junit4.SpringJUnit4ClassRunner$1.runReflectiveCall(SpringJUnit4ClassRunner.java:252)
	at org.junit.internal.runners.model.ReflectiveCallable.run(ReflectiveCallable.java:12)
	at org.springframework.test.context.junit4.SpringJUnit4ClassRunner.methodBlock(SpringJUnit4ClassRunner.java:254)
	at org.springframework.test.context.junit4.SpringJUnit4ClassRunner.runChild(SpringJUnit4ClassRunner.java:217)
	at org.springframework.test.context.junit4.SpringJUnit4ClassRunner.runChild(SpringJUnit4ClassRunner.java:83)
	at org.junit.runners.ParentRunner$3.run(ParentRunner.java:290)
	at org.junit.runners.ParentRunner$1.schedule(ParentRunner.java:71)
	at org.junit.runners.ParentRunner.runChildren(ParentRunner.java:288)
	at org.junit.runners.ParentRunner.access$000(ParentRunner.java:58)
	at org.junit.runners.ParentRunner$2.evaluate(ParentRunner.java:268)
	at org.springframework.test.context.junit4.statements.RunBeforeTestClassCallbacks.evaluate(RunBeforeTestClassCallbacks.java:61)
	at org.springframework.test.context.junit4.statements.RunAfterTestClassCallbacks.evaluate(RunAfterTestClassCallbacks.java:68)
	at org.junit.runners.ParentRunner.run(ParentRunner.java:363)
	at org.springframework.test.context.junit4.SpringJUnit4ClassRunner.run(SpringJUnit4ClassRunner.java:163)
	at org.eclipse.jdt.internal.junit4.runner.JUnit4TestReference.run(JUnit4TestReference.java:86)
	at org.eclipse.jdt.internal.junit.runner.TestExecution.run(TestExecution.java:38)
	at org.eclipse.jdt.internal.junit.runner.RemoteTestRunner.runTests(RemoteTestRunner.java:459)
	at org.eclipse.jdt.internal.junit.runner.RemoteTestRunner.runTests(RemoteTestRunner.java:675)
	at org.eclipse.jdt.internal.junit.runner.RemoteTestRunner.run(RemoteTestRunner.java:382)
	at org.eclipse.jdt.internal.junit.runner.RemoteTestRunner.main(RemoteTestRunner.java:192)
Caused by: org.springframework.beans.BeanInstantiationException: Failed to instantiate [edu.unq.desapp.groupA.backend.service.ProductThresoldService]: No default constructor found; nested exception is java.lang.NoSuchMethodException: edu.unq.desapp.groupA.backend.service.ProductThresoldService.<init>()
	at org.springframework.beans.factory.support.SimpleInstantiationStrategy.instantiate(SimpleInstantiationStrategy.java:85)
	at org.springframework.beans.factory.support.AbstractAutowireCapableBeanFactory.instantiateBean(AbstractAutowireCapableBeanFactory.java:1086)
	... 41 more
Caused by: java.lang.NoSuchMethodException: edu.unq.desapp.groupA.backend.service.ProductThresoldService.<init>()
	at java.lang.Class.getConstructor0(Class.java:3082)
	at java.lang.Class.getDeclaredConstructor(Class.java:2178)
	at org.springframework.beans.factory.support.SimpleInstantiationStrategy.instantiate(SimpleInstantiationStrategy.java:80)
	... 42 more
2017-05-09 17:07:03,312 ERROR org.springframework.test.context.TestContextManager (TestContextManager.java:215) - Caught exception while allowing TestExecutionListener [org.springframework.test.context.support.DependencyInjectionTestExecutionListener@cd7f1ae] to prepare test instance [edu.unq.desapp.groupA.backend.repository.test.BrandPersistenceTest@60e949e1]
java.lang.IllegalStateException: Failed to load ApplicationContext
	at org.springframework.test.context.DefaultCacheAwareContextLoaderDelegate.loadContext(DefaultCacheAwareContextLoaderDelegate.java:94)
	at org.springframework.test.context.DefaultTestContext.getApplicationContext(DefaultTestContext.java:72)
	at org.springframework.test.context.support.DependencyInjectionTestExecutionListener.injectDependencies(DependencyInjectionTestExecutionListener.java:117)
	at org.springframework.test.context.support.DependencyInjectionTestExecutionListener.prepareTestInstance(DependencyInjectionTestExecutionListener.java:83)
	at org.springframework.test.context.TestContextManager.prepareTestInstance(TestContextManager.java:212)
	at org.springframework.test.context.junit4.SpringJUnit4ClassRunner.createTest(SpringJUnit4ClassRunner.java:200)
	at org.springframework.test.context.junit4.SpringJUnit4ClassRunner$1.runReflectiveCall(SpringJUnit4ClassRunner.java:252)
	at org.junit.internal.runners.model.ReflectiveCallable.run(ReflectiveCallable.java:12)
	at org.springframework.test.context.junit4.SpringJUnit4ClassRunner.methodBlock(SpringJUnit4ClassRunner.java:254)
	at org.springframework.test.context.junit4.SpringJUnit4ClassRunner.runChild(SpringJUnit4ClassRunner.java:217)
	at org.springframework.test.context.junit4.SpringJUnit4ClassRunner.runChild(SpringJUnit4ClassRunner.java:83)
	at org.junit.runners.ParentRunner$3.run(ParentRunner.java:290)
	at org.junit.runners.ParentRunner$1.schedule(ParentRunner.java:71)
	at org.junit.runners.ParentRunner.runChildren(ParentRunner.java:288)
	at org.junit.runners.ParentRunner.access$000(ParentRunner.java:58)
	at org.junit.runners.ParentRunner$2.evaluate(ParentRunner.java:268)
	at org.springframework.test.context.junit4.statements.RunBeforeTestClassCallbacks.evaluate(RunBeforeTestClassCallbacks.java:61)
	at org.springframework.test.context.junit4.statements.RunAfterTestClassCallbacks.evaluate(RunAfterTestClassCallbacks.java:68)
	at org.junit.runners.ParentRunner.run(ParentRunner.java:363)
	at org.springframework.test.context.junit4.SpringJUnit4ClassRunner.run(SpringJUnit4ClassRunner.java:163)
	at org.eclipse.jdt.internal.junit4.runner.JUnit4TestReference.run(JUnit4TestReference.java:86)
	at org.eclipse.jdt.internal.junit.runner.TestExecution.run(TestExecution.java:38)
	at org.eclipse.jdt.internal.junit.runner.RemoteTestRunner.runTests(RemoteTestRunner.java:459)
	at org.eclipse.jdt.internal.junit.runner.RemoteTestRunner.runTests(RemoteTestRunner.java:675)
	at org.eclipse.jdt.internal.junit.runner.RemoteTestRunner.run(RemoteTestRunner.java:382)
	at org.eclipse.jdt.internal.junit.runner.RemoteTestRunner.main(RemoteTestRunner.java:192)
Caused by: org.springframework.beans.factory.BeanCreationException: Error creating bean with name 'productThresoldService' defined in file [/home/jejo/Programación/Desarrollo_de_Aplicaciones_TPI/tp_desarrollo/desApp-groupA-backend/target/classes/edu/unq/desapp/groupA/backend/service/ProductThresoldService.class]: Instantiation of bean failed; nested exception is org.springframework.beans.BeanInstantiationException: Failed to instantiate [edu.unq.desapp.groupA.backend.service.ProductThresoldService]: No default constructor found; nested exception is java.lang.NoSuchMethodException: edu.unq.desapp.groupA.backend.service.ProductThresoldService.<init>()
	at org.springframework.beans.factory.support.AbstractAutowireCapableBeanFactory.instantiateBean(AbstractAutowireCapableBeanFactory.java:1093)
	at org.springframework.beans.factory.support.AbstractAutowireCapableBeanFactory.createBeanInstance(AbstractAutowireCapableBeanFactory.java:1038)
	at org.springframework.beans.factory.support.AbstractAutowireCapableBeanFactory.doCreateBean(AbstractAutowireCapableBeanFactory.java:504)
	at org.springframework.beans.factory.support.AbstractAutowireCapableBeanFactory.createBean(AbstractAutowireCapableBeanFactory.java:476)
	at org.springframework.beans.factory.support.AbstractBeanFactory$1.getObject(AbstractBeanFactory.java:302)
	at org.springframework.beans.factory.support.DefaultSingletonBeanRegistry.getSingleton(DefaultSingletonBeanRegistry.java:230)
	at org.springframework.beans.factory.support.AbstractBeanFactory.doGetBean(AbstractBeanFactory.java:298)
	at org.springframework.beans.factory.support.AbstractBeanFactory.getBean(AbstractBeanFactory.java:193)
	at org.springframework.beans.factory.support.DefaultListableBeanFactory.preInstantiateSingletons(DefaultListableBeanFactory.java:762)
	at org.springframework.context.support.AbstractApplicationContext.finishBeanFactoryInitialization(AbstractApplicationContext.java:757)
	at org.springframework.context.support.AbstractApplicationContext.refresh(AbstractApplicationContext.java:480)
	at org.springframework.test.context.support.AbstractGenericContextLoader.loadContext(AbstractGenericContextLoader.java:125)
	at org.springframework.test.context.support.AbstractGenericContextLoader.loadContext(AbstractGenericContextLoader.java:60)
	at org.springframework.test.context.support.AbstractDelegatingSmartContextLoader.delegateLoading(AbstractDelegatingSmartContextLoader.java:109)
	at org.springframework.test.context.support.AbstractDelegatingSmartContextLoader.loadContext(AbstractDelegatingSmartContextLoader.java:261)
	at org.springframework.test.context.DefaultCacheAwareContextLoaderDelegate.loadContextInternal(DefaultCacheAwareContextLoaderDelegate.java:68)
	at org.springframework.test.context.DefaultCacheAwareContextLoaderDelegate.loadContext(DefaultCacheAwareContextLoaderDelegate.java:86)
	... 25 more
Caused by: org.springframework.beans.BeanInstantiationException: Failed to instantiate [edu.unq.desapp.groupA.backend.service.ProductThresoldService]: No default constructor found; nested exception is java.lang.NoSuchMethodException: edu.unq.desapp.groupA.backend.service.ProductThresoldService.<init>()
	at org.springframework.beans.factory.support.SimpleInstantiationStrategy.instantiate(SimpleInstantiationStrategy.java:85)
	at org.springframework.beans.factory.support.AbstractAutowireCapableBeanFactory.instantiateBean(AbstractAutowireCapableBeanFactory.java:1086)
	... 41 more
Caused by: java.lang.NoSuchMethodException: edu.unq.desapp.groupA.backend.service.ProductThresoldService.<init>()
	at java.lang.Class.getConstructor0(Class.java:3082)
	at java.lang.Class.getDeclaredConstructor(Class.java:2178)
	at org.springframework.beans.factory.support.SimpleInstantiationStrategy.instantiate(SimpleInstantiationStrategy.java:80)
	... 42 more
2017-05-09 17:07:45,058 ERROR org.hibernate.tool.hbm2ddl.SchemaExport (SchemaExport.java:425) - HHH000389: Unsuccessful: alter table carts drop constraint FK_kd0j7g2ara8c0s9fkf8etkqhw
2017-05-09 17:07:45,061 ERROR org.hibernate.tool.hbm2ddl.SchemaExport (SchemaExport.java:426) - usuario no tiene privilegios suficientes o objeto no encontrado: PUBLIC.CARTS
2017-05-09 17:07:45,062 ERROR org.hibernate.tool.hbm2ddl.SchemaExport (SchemaExport.java:425) - HHH000389: Unsuccessful: alter table discounts_per_product drop constraint FK_2t3jlv9ilimgx2gvbjpivs5ih
2017-05-09 17:07:45,063 ERROR org.hibernate.tool.hbm2ddl.SchemaExport (SchemaExport.java:426) - usuario no tiene privilegios suficientes o objeto no encontrado: PUBLIC.DISCOUNTS_PER_PRODUCT
2017-05-09 17:07:45,063 ERROR org.hibernate.tool.hbm2ddl.SchemaExport (SchemaExport.java:425) - HHH000389: Unsuccessful: alter table discounts_per_product_category drop constraint FK_rlcvv0sbimdj3wrfhqa6n59tx
2017-05-09 17:07:45,064 ERROR org.hibernate.tool.hbm2ddl.SchemaExport (SchemaExport.java:426) - usuario no tiene privilegios suficientes o objeto no encontrado: PUBLIC.DISCOUNTS_PER_PRODUCT_CATEGORY
2017-05-09 17:07:45,064 ERROR org.hibernate.tool.hbm2ddl.SchemaExport (SchemaExport.java:425) - HHH000389: Unsuccessful: alter table prices drop constraint FK_j66emjiiimluy2q5kacrmxws
2017-05-09 17:07:45,065 ERROR org.hibernate.tool.hbm2ddl.SchemaExport (SchemaExport.java:426) - usuario no tiene privilegios suficientes o objeto no encontrado: PUBLIC.PRICES
2017-05-09 17:07:45,066 ERROR org.hibernate.tool.hbm2ddl.SchemaExport (SchemaExport.java:425) - HHH000389: Unsuccessful: alter table products drop constraint FK_6hy60v15d0rxyov6x0b71wx61
2017-05-09 17:07:45,066 ERROR org.hibernate.tool.hbm2ddl.SchemaExport (SchemaExport.java:426) - usuario no tiene privilegios suficientes o objeto no encontrado: PUBLIC.PRODUCTS
2017-05-09 17:07:45,066 ERROR org.hibernate.tool.hbm2ddl.SchemaExport (SchemaExport.java:425) - HHH000389: Unsuccessful: alter table products drop constraint FK_bo4t9moxwowswgg5jncfwtbbr
2017-05-09 17:07:45,067 ERROR org.hibernate.tool.hbm2ddl.SchemaExport (SchemaExport.java:426) - usuario no tiene privilegios suficientes o objeto no encontrado: PUBLIC.PRODUCTS
2017-05-09 17:07:45,067 ERROR org.hibernate.tool.hbm2ddl.SchemaExport (SchemaExport.java:425) - HHH000389: Unsuccessful: alter table products_products_categories drop constraint FK_72r89e6q7pjsf2fy080rwo3kb
2017-05-09 17:07:45,067 ERROR org.hibernate.tool.hbm2ddl.SchemaExport (SchemaExport.java:426) - usuario no tiene privilegios suficientes o objeto no encontrado: PUBLIC.PRODUCTS_PRODUCTS_CATEGORIES
2017-05-09 17:07:45,068 ERROR org.hibernate.tool.hbm2ddl.SchemaExport (SchemaExport.java:425) - HHH000389: Unsuccessful: alter table products_products_categories drop constraint FK_s3y2vmkv07o7cg3n60jxwr6ep
2017-05-09 17:07:45,068 ERROR org.hibernate.tool.hbm2ddl.SchemaExport (SchemaExport.java:426) - usuario no tiene privilegios suficientes o objeto no encontrado: PUBLIC.PRODUCTS_PRODUCTS_CATEGORIES
2017-05-09 17:07:45,070 ERROR org.hibernate.tool.hbm2ddl.SchemaExport (SchemaExport.java:425) - HHH000389: Unsuccessful: alter table purchases drop constraint FK_tm28ebnkrr31wdbhmjkt7s5fw
2017-05-09 17:07:45,071 ERROR org.hibernate.tool.hbm2ddl.SchemaExport (SchemaExport.java:426) - usuario no tiene privilegios suficientes o objeto no encontrado: PUBLIC.PURCHASES
2017-05-09 17:07:45,071 ERROR org.hibernate.tool.hbm2ddl.SchemaExport (SchemaExport.java:425) - HHH000389: Unsuccessful: alter table purchases drop constraint FK_6mnnj5sx418yjum97fhlcukl6
2017-05-09 17:07:45,071 ERROR org.hibernate.tool.hbm2ddl.SchemaExport (SchemaExport.java:426) - usuario no tiene privilegios suficientes o objeto no encontrado: PUBLIC.PURCHASES
2017-05-09 17:07:45,072 ERROR org.hibernate.tool.hbm2ddl.SchemaExport (SchemaExport.java:425) - HHH000389: Unsuccessful: alter table purchases drop constraint FK_fo88022au8crbsmi34k9i7dgi
2017-05-09 17:07:45,073 ERROR org.hibernate.tool.hbm2ddl.SchemaExport (SchemaExport.java:426) - usuario no tiene privilegios suficientes o objeto no encontrado: PUBLIC.PURCHASES
2017-05-09 17:07:45,073 ERROR org.hibernate.tool.hbm2ddl.SchemaExport (SchemaExport.java:425) - HHH000389: Unsuccessful: alter table purchases drop constraint FK_dq4oj8cchwv09dot5j248b6xp
2017-05-09 17:07:45,074 ERROR org.hibernate.tool.hbm2ddl.SchemaExport (SchemaExport.java:426) - usuario no tiene privilegios suficientes o objeto no encontrado: PUBLIC.PURCHASES
2017-05-09 17:07:45,074 ERROR org.hibernate.tool.hbm2ddl.SchemaExport (SchemaExport.java:425) - HHH000389: Unsuccessful: alter table stocks drop constraint FK_htp625bmmsb6gay567r5sdfoc
2017-05-09 17:07:45,075 ERROR org.hibernate.tool.hbm2ddl.SchemaExport (SchemaExport.java:426) - usuario no tiene privilegios suficientes o objeto no encontrado: PUBLIC.STOCKS
2017-05-09 17:07:45,076 ERROR org.hibernate.tool.hbm2ddl.SchemaExport (SchemaExport.java:425) - HHH000389: Unsuccessful: alter table thresholds_product_category drop constraint FK_apfi2fpldfj0ba4vwlki4yvau
2017-05-09 17:07:45,076 ERROR org.hibernate.tool.hbm2ddl.SchemaExport (SchemaExport.java:426) - usuario no tiene privilegios suficientes o objeto no encontrado: PUBLIC.THRESHOLDS_PRODUCT_CATEGORY
2017-05-09 17:07:45,435 WARN  org.springframework.context.support.AbstractApplicationContext (AbstractApplicationContext.java:487) - Exception encountered during context initialization - cancelling refresh attempt
org.springframework.beans.factory.BeanCreationException: Error creating bean with name 'thresholdService' defined in file [/home/jejo/Programación/Desarrollo_de_Aplicaciones_TPI/tp_desarrollo/desApp-groupA-backend/target/classes/edu/unq/desapp/groupA/backend/service/ThresholdService.class]: Instantiation of bean failed; nested exception is org.springframework.beans.BeanInstantiationException: Failed to instantiate [edu.unq.desapp.groupA.backend.service.ThresholdService]: No default constructor found; nested exception is java.lang.NoSuchMethodException: edu.unq.desapp.groupA.backend.service.ThresholdService.<init>()
	at org.springframework.beans.factory.support.AbstractAutowireCapableBeanFactory.instantiateBean(AbstractAutowireCapableBeanFactory.java:1093)
	at org.springframework.beans.factory.support.AbstractAutowireCapableBeanFactory.createBeanInstance(AbstractAutowireCapableBeanFactory.java:1038)
	at org.springframework.beans.factory.support.AbstractAutowireCapableBeanFactory.doCreateBean(AbstractAutowireCapableBeanFactory.java:504)
	at org.springframework.beans.factory.support.AbstractAutowireCapableBeanFactory.createBean(AbstractAutowireCapableBeanFactory.java:476)
	at org.springframework.beans.factory.support.AbstractBeanFactory$1.getObject(AbstractBeanFactory.java:302)
	at org.springframework.beans.factory.support.DefaultSingletonBeanRegistry.getSingleton(DefaultSingletonBeanRegistry.java:230)
	at org.springframework.beans.factory.support.AbstractBeanFactory.doGetBean(AbstractBeanFactory.java:298)
	at org.springframework.beans.factory.support.AbstractBeanFactory.getBean(AbstractBeanFactory.java:193)
	at org.springframework.beans.factory.support.DefaultListableBeanFactory.preInstantiateSingletons(DefaultListableBeanFactory.java:762)
	at org.springframework.context.support.AbstractApplicationContext.finishBeanFactoryInitialization(AbstractApplicationContext.java:757)
	at org.springframework.context.support.AbstractApplicationContext.refresh(AbstractApplicationContext.java:480)
	at org.springframework.test.context.support.AbstractGenericContextLoader.loadContext(AbstractGenericContextLoader.java:125)
	at org.springframework.test.context.support.AbstractGenericContextLoader.loadContext(AbstractGenericContextLoader.java:60)
	at org.springframework.test.context.support.AbstractDelegatingSmartContextLoader.delegateLoading(AbstractDelegatingSmartContextLoader.java:109)
	at org.springframework.test.context.support.AbstractDelegatingSmartContextLoader.loadContext(AbstractDelegatingSmartContextLoader.java:261)
	at org.springframework.test.context.DefaultCacheAwareContextLoaderDelegate.loadContextInternal(DefaultCacheAwareContextLoaderDelegate.java:68)
	at org.springframework.test.context.DefaultCacheAwareContextLoaderDelegate.loadContext(DefaultCacheAwareContextLoaderDelegate.java:86)
	at org.springframework.test.context.DefaultTestContext.getApplicationContext(DefaultTestContext.java:72)
	at org.springframework.test.context.support.DependencyInjectionTestExecutionListener.injectDependencies(DependencyInjectionTestExecutionListener.java:117)
	at org.springframework.test.context.support.DependencyInjectionTestExecutionListener.prepareTestInstance(DependencyInjectionTestExecutionListener.java:83)
	at org.springframework.test.context.TestContextManager.prepareTestInstance(TestContextManager.java:212)
	at org.springframework.test.context.junit4.SpringJUnit4ClassRunner.createTest(SpringJUnit4ClassRunner.java:200)
	at org.springframework.test.context.junit4.SpringJUnit4ClassRunner$1.runReflectiveCall(SpringJUnit4ClassRunner.java:252)
	at org.junit.internal.runners.model.ReflectiveCallable.run(ReflectiveCallable.java:12)
	at org.springframework.test.context.junit4.SpringJUnit4ClassRunner.methodBlock(SpringJUnit4ClassRunner.java:254)
	at org.springframework.test.context.junit4.SpringJUnit4ClassRunner.runChild(SpringJUnit4ClassRunner.java:217)
	at org.springframework.test.context.junit4.SpringJUnit4ClassRunner.runChild(SpringJUnit4ClassRunner.java:83)
	at org.junit.runners.ParentRunner$3.run(ParentRunner.java:290)
	at org.junit.runners.ParentRunner$1.schedule(ParentRunner.java:71)
	at org.junit.runners.ParentRunner.runChildren(ParentRunner.java:288)
	at org.junit.runners.ParentRunner.access$000(ParentRunner.java:58)
	at org.junit.runners.ParentRunner$2.evaluate(ParentRunner.java:268)
	at org.springframework.test.context.junit4.statements.RunBeforeTestClassCallbacks.evaluate(RunBeforeTestClassCallbacks.java:61)
	at org.springframework.test.context.junit4.statements.RunAfterTestClassCallbacks.evaluate(RunAfterTestClassCallbacks.java:68)
	at org.junit.runners.ParentRunner.run(ParentRunner.java:363)
	at org.springframework.test.context.junit4.SpringJUnit4ClassRunner.run(SpringJUnit4ClassRunner.java:163)
	at org.eclipse.jdt.internal.junit4.runner.JUnit4TestReference.run(JUnit4TestReference.java:86)
	at org.eclipse.jdt.internal.junit.runner.TestExecution.run(TestExecution.java:38)
	at org.eclipse.jdt.internal.junit.runner.RemoteTestRunner.runTests(RemoteTestRunner.java:459)
	at org.eclipse.jdt.internal.junit.runner.RemoteTestRunner.runTests(RemoteTestRunner.java:675)
	at org.eclipse.jdt.internal.junit.runner.RemoteTestRunner.run(RemoteTestRunner.java:382)
	at org.eclipse.jdt.internal.junit.runner.RemoteTestRunner.main(RemoteTestRunner.java:192)
Caused by: org.springframework.beans.BeanInstantiationException: Failed to instantiate [edu.unq.desapp.groupA.backend.service.ThresholdService]: No default constructor found; nested exception is java.lang.NoSuchMethodException: edu.unq.desapp.groupA.backend.service.ThresholdService.<init>()
	at org.springframework.beans.factory.support.SimpleInstantiationStrategy.instantiate(SimpleInstantiationStrategy.java:85)
	at org.springframework.beans.factory.support.AbstractAutowireCapableBeanFactory.instantiateBean(AbstractAutowireCapableBeanFactory.java:1086)
	... 41 more
Caused by: java.lang.NoSuchMethodException: edu.unq.desapp.groupA.backend.service.ThresholdService.<init>()
	at java.lang.Class.getConstructor0(Class.java:3082)
	at java.lang.Class.getDeclaredConstructor(Class.java:2178)
	at org.springframework.beans.factory.support.SimpleInstantiationStrategy.instantiate(SimpleInstantiationStrategy.java:80)
	... 42 more
2017-05-09 17:07:45,454 ERROR org.springframework.test.context.TestContextManager (TestContextManager.java:215) - Caught exception while allowing TestExecutionListener [org.springframework.test.context.support.DependencyInjectionTestExecutionListener@1358b28e] to prepare test instance [edu.unq.desapp.groupA.backend.repository.test.BrandPersistenceTest@1a78dacd]
java.lang.IllegalStateException: Failed to load ApplicationContext
	at org.springframework.test.context.DefaultCacheAwareContextLoaderDelegate.loadContext(DefaultCacheAwareContextLoaderDelegate.java:94)
	at org.springframework.test.context.DefaultTestContext.getApplicationContext(DefaultTestContext.java:72)
	at org.springframework.test.context.support.DependencyInjectionTestExecutionListener.injectDependencies(DependencyInjectionTestExecutionListener.java:117)
	at org.springframework.test.context.support.DependencyInjectionTestExecutionListener.prepareTestInstance(DependencyInjectionTestExecutionListener.java:83)
	at org.springframework.test.context.TestContextManager.prepareTestInstance(TestContextManager.java:212)
	at org.springframework.test.context.junit4.SpringJUnit4ClassRunner.createTest(SpringJUnit4ClassRunner.java:200)
	at org.springframework.test.context.junit4.SpringJUnit4ClassRunner$1.runReflectiveCall(SpringJUnit4ClassRunner.java:252)
	at org.junit.internal.runners.model.ReflectiveCallable.run(ReflectiveCallable.java:12)
	at org.springframework.test.context.junit4.SpringJUnit4ClassRunner.methodBlock(SpringJUnit4ClassRunner.java:254)
	at org.springframework.test.context.junit4.SpringJUnit4ClassRunner.runChild(SpringJUnit4ClassRunner.java:217)
	at org.springframework.test.context.junit4.SpringJUnit4ClassRunner.runChild(SpringJUnit4ClassRunner.java:83)
	at org.junit.runners.ParentRunner$3.run(ParentRunner.java:290)
	at org.junit.runners.ParentRunner$1.schedule(ParentRunner.java:71)
	at org.junit.runners.ParentRunner.runChildren(ParentRunner.java:288)
	at org.junit.runners.ParentRunner.access$000(ParentRunner.java:58)
	at org.junit.runners.ParentRunner$2.evaluate(ParentRunner.java:268)
	at org.springframework.test.context.junit4.statements.RunBeforeTestClassCallbacks.evaluate(RunBeforeTestClassCallbacks.java:61)
	at org.springframework.test.context.junit4.statements.RunAfterTestClassCallbacks.evaluate(RunAfterTestClassCallbacks.java:68)
	at org.junit.runners.ParentRunner.run(ParentRunner.java:363)
	at org.springframework.test.context.junit4.SpringJUnit4ClassRunner.run(SpringJUnit4ClassRunner.java:163)
	at org.eclipse.jdt.internal.junit4.runner.JUnit4TestReference.run(JUnit4TestReference.java:86)
	at org.eclipse.jdt.internal.junit.runner.TestExecution.run(TestExecution.java:38)
	at org.eclipse.jdt.internal.junit.runner.RemoteTestRunner.runTests(RemoteTestRunner.java:459)
	at org.eclipse.jdt.internal.junit.runner.RemoteTestRunner.runTests(RemoteTestRunner.java:675)
	at org.eclipse.jdt.internal.junit.runner.RemoteTestRunner.run(RemoteTestRunner.java:382)
	at org.eclipse.jdt.internal.junit.runner.RemoteTestRunner.main(RemoteTestRunner.java:192)
Caused by: org.springframework.beans.factory.BeanCreationException: Error creating bean with name 'thresholdService' defined in file [/home/jejo/Programación/Desarrollo_de_Aplicaciones_TPI/tp_desarrollo/desApp-groupA-backend/target/classes/edu/unq/desapp/groupA/backend/service/ThresholdService.class]: Instantiation of bean failed; nested exception is org.springframework.beans.BeanInstantiationException: Failed to instantiate [edu.unq.desapp.groupA.backend.service.ThresholdService]: No default constructor found; nested exception is java.lang.NoSuchMethodException: edu.unq.desapp.groupA.backend.service.ThresholdService.<init>()
	at org.springframework.beans.factory.support.AbstractAutowireCapableBeanFactory.instantiateBean(AbstractAutowireCapableBeanFactory.java:1093)
	at org.springframework.beans.factory.support.AbstractAutowireCapableBeanFactory.createBeanInstance(AbstractAutowireCapableBeanFactory.java:1038)
	at org.springframework.beans.factory.support.AbstractAutowireCapableBeanFactory.doCreateBean(AbstractAutowireCapableBeanFactory.java:504)
	at org.springframework.beans.factory.support.AbstractAutowireCapableBeanFactory.createBean(AbstractAutowireCapableBeanFactory.java:476)
	at org.springframework.beans.factory.support.AbstractBeanFactory$1.getObject(AbstractBeanFactory.java:302)
	at org.springframework.beans.factory.support.DefaultSingletonBeanRegistry.getSingleton(DefaultSingletonBeanRegistry.java:230)
	at org.springframework.beans.factory.support.AbstractBeanFactory.doGetBean(AbstractBeanFactory.java:298)
	at org.springframework.beans.factory.support.AbstractBeanFactory.getBean(AbstractBeanFactory.java:193)
	at org.springframework.beans.factory.support.DefaultListableBeanFactory.preInstantiateSingletons(DefaultListableBeanFactory.java:762)
	at org.springframework.context.support.AbstractApplicationContext.finishBeanFactoryInitialization(AbstractApplicationContext.java:757)
	at org.springframework.context.support.AbstractApplicationContext.refresh(AbstractApplicationContext.java:480)
	at org.springframework.test.context.support.AbstractGenericContextLoader.loadContext(AbstractGenericContextLoader.java:125)
	at org.springframework.test.context.support.AbstractGenericContextLoader.loadContext(AbstractGenericContextLoader.java:60)
	at org.springframework.test.context.support.AbstractDelegatingSmartContextLoader.delegateLoading(AbstractDelegatingSmartContextLoader.java:109)
	at org.springframework.test.context.support.AbstractDelegatingSmartContextLoader.loadContext(AbstractDelegatingSmartContextLoader.java:261)
	at org.springframework.test.context.DefaultCacheAwareContextLoaderDelegate.loadContextInternal(DefaultCacheAwareContextLoaderDelegate.java:68)
	at org.springframework.test.context.DefaultCacheAwareContextLoaderDelegate.loadContext(DefaultCacheAwareContextLoaderDelegate.java:86)
	... 25 more
Caused by: org.springframework.beans.BeanInstantiationException: Failed to instantiate [edu.unq.desapp.groupA.backend.service.ThresholdService]: No default constructor found; nested exception is java.lang.NoSuchMethodException: edu.unq.desapp.groupA.backend.service.ThresholdService.<init>()
	at org.springframework.beans.factory.support.SimpleInstantiationStrategy.instantiate(SimpleInstantiationStrategy.java:85)
	at org.springframework.beans.factory.support.AbstractAutowireCapableBeanFactory.instantiateBean(AbstractAutowireCapableBeanFactory.java:1086)
	... 41 more
Caused by: java.lang.NoSuchMethodException: edu.unq.desapp.groupA.backend.service.ThresholdService.<init>()
	at java.lang.Class.getConstructor0(Class.java:3082)
	at java.lang.Class.getDeclaredConstructor(Class.java:2178)
	at org.springframework.beans.factory.support.SimpleInstantiationStrategy.instantiate(SimpleInstantiationStrategy.java:80)
	... 42 more
2017-05-09 17:09:03,501 ERROR org.hibernate.tool.hbm2ddl.SchemaExport (SchemaExport.java:425) - HHH000389: Unsuccessful: alter table carts drop constraint FK_kd0j7g2ara8c0s9fkf8etkqhw
2017-05-09 17:09:03,504 ERROR org.hibernate.tool.hbm2ddl.SchemaExport (SchemaExport.java:426) - usuario no tiene privilegios suficientes o objeto no encontrado: PUBLIC.CARTS
2017-05-09 17:09:03,505 ERROR org.hibernate.tool.hbm2ddl.SchemaExport (SchemaExport.java:425) - HHH000389: Unsuccessful: alter table discounts_per_product drop constraint FK_2t3jlv9ilimgx2gvbjpivs5ih
2017-05-09 17:09:03,505 ERROR org.hibernate.tool.hbm2ddl.SchemaExport (SchemaExport.java:426) - usuario no tiene privilegios suficientes o objeto no encontrado: PUBLIC.DISCOUNTS_PER_PRODUCT
2017-05-09 17:09:03,506 ERROR org.hibernate.tool.hbm2ddl.SchemaExport (SchemaExport.java:425) - HHH000389: Unsuccessful: alter table discounts_per_product_category drop constraint FK_rlcvv0sbimdj3wrfhqa6n59tx
2017-05-09 17:09:03,506 ERROR org.hibernate.tool.hbm2ddl.SchemaExport (SchemaExport.java:426) - usuario no tiene privilegios suficientes o objeto no encontrado: PUBLIC.DISCOUNTS_PER_PRODUCT_CATEGORY
2017-05-09 17:09:03,507 ERROR org.hibernate.tool.hbm2ddl.SchemaExport (SchemaExport.java:425) - HHH000389: Unsuccessful: alter table prices drop constraint FK_j66emjiiimluy2q5kacrmxws
2017-05-09 17:09:03,508 ERROR org.hibernate.tool.hbm2ddl.SchemaExport (SchemaExport.java:426) - usuario no tiene privilegios suficientes o objeto no encontrado: PUBLIC.PRICES
2017-05-09 17:09:03,509 ERROR org.hibernate.tool.hbm2ddl.SchemaExport (SchemaExport.java:425) - HHH000389: Unsuccessful: alter table products drop constraint FK_6hy60v15d0rxyov6x0b71wx61
2017-05-09 17:09:03,509 ERROR org.hibernate.tool.hbm2ddl.SchemaExport (SchemaExport.java:426) - usuario no tiene privilegios suficientes o objeto no encontrado: PUBLIC.PRODUCTS
2017-05-09 17:09:03,509 ERROR org.hibernate.tool.hbm2ddl.SchemaExport (SchemaExport.java:425) - HHH000389: Unsuccessful: alter table products drop constraint FK_bo4t9moxwowswgg5jncfwtbbr
2017-05-09 17:09:03,510 ERROR org.hibernate.tool.hbm2ddl.SchemaExport (SchemaExport.java:426) - usuario no tiene privilegios suficientes o objeto no encontrado: PUBLIC.PRODUCTS
2017-05-09 17:09:03,510 ERROR org.hibernate.tool.hbm2ddl.SchemaExport (SchemaExport.java:425) - HHH000389: Unsuccessful: alter table products_products_categories drop constraint FK_72r89e6q7pjsf2fy080rwo3kb
2017-05-09 17:09:03,511 ERROR org.hibernate.tool.hbm2ddl.SchemaExport (SchemaExport.java:426) - usuario no tiene privilegios suficientes o objeto no encontrado: PUBLIC.PRODUCTS_PRODUCTS_CATEGORIES
2017-05-09 17:09:03,511 ERROR org.hibernate.tool.hbm2ddl.SchemaExport (SchemaExport.java:425) - HHH000389: Unsuccessful: alter table products_products_categories drop constraint FK_s3y2vmkv07o7cg3n60jxwr6ep
2017-05-09 17:09:03,511 ERROR org.hibernate.tool.hbm2ddl.SchemaExport (SchemaExport.java:426) - usuario no tiene privilegios suficientes o objeto no encontrado: PUBLIC.PRODUCTS_PRODUCTS_CATEGORIES
2017-05-09 17:09:03,513 ERROR org.hibernate.tool.hbm2ddl.SchemaExport (SchemaExport.java:425) - HHH000389: Unsuccessful: alter table purchases drop constraint FK_tm28ebnkrr31wdbhmjkt7s5fw
2017-05-09 17:09:03,514 ERROR org.hibernate.tool.hbm2ddl.SchemaExport (SchemaExport.java:426) - usuario no tiene privilegios suficientes o objeto no encontrado: PUBLIC.PURCHASES
2017-05-09 17:09:03,514 ERROR org.hibernate.tool.hbm2ddl.SchemaExport (SchemaExport.java:425) - HHH000389: Unsuccessful: alter table purchases drop constraint FK_6mnnj5sx418yjum97fhlcukl6
2017-05-09 17:09:03,515 ERROR org.hibernate.tool.hbm2ddl.SchemaExport (SchemaExport.java:426) - usuario no tiene privilegios suficientes o objeto no encontrado: PUBLIC.PURCHASES
2017-05-09 17:09:03,515 ERROR org.hibernate.tool.hbm2ddl.SchemaExport (SchemaExport.java:425) - HHH000389: Unsuccessful: alter table purchases drop constraint FK_fo88022au8crbsmi34k9i7dgi
2017-05-09 17:09:03,516 ERROR org.hibernate.tool.hbm2ddl.SchemaExport (SchemaExport.java:426) - usuario no tiene privilegios suficientes o objeto no encontrado: PUBLIC.PURCHASES
2017-05-09 17:09:03,516 ERROR org.hibernate.tool.hbm2ddl.SchemaExport (SchemaExport.java:425) - HHH000389: Unsuccessful: alter table purchases drop constraint FK_dq4oj8cchwv09dot5j248b6xp
2017-05-09 17:09:03,517 ERROR org.hibernate.tool.hbm2ddl.SchemaExport (SchemaExport.java:426) - usuario no tiene privilegios suficientes o objeto no encontrado: PUBLIC.PURCHASES
2017-05-09 17:09:03,517 ERROR org.hibernate.tool.hbm2ddl.SchemaExport (SchemaExport.java:425) - HHH000389: Unsuccessful: alter table stocks drop constraint FK_htp625bmmsb6gay567r5sdfoc
2017-05-09 17:09:03,518 ERROR org.hibernate.tool.hbm2ddl.SchemaExport (SchemaExport.java:426) - usuario no tiene privilegios suficientes o objeto no encontrado: PUBLIC.STOCKS
2017-05-09 17:09:03,519 ERROR org.hibernate.tool.hbm2ddl.SchemaExport (SchemaExport.java:425) - HHH000389: Unsuccessful: alter table thresholds_product_category drop constraint FK_apfi2fpldfj0ba4vwlki4yvau
2017-05-09 17:09:03,519 ERROR org.hibernate.tool.hbm2ddl.SchemaExport (SchemaExport.java:426) - usuario no tiene privilegios suficientes o objeto no encontrado: PUBLIC.THRESHOLDS_PRODUCT_CATEGORY
2017-05-09 17:09:04,070 WARN  org.springframework.context.support.AbstractApplicationContext (AbstractApplicationContext.java:487) - Exception encountered during context initialization - cancelling refresh attempt
org.springframework.beans.factory.BeanCreationException: Error creating bean with name 'cashRegisterService' defined in file [/home/jejo/Programación/Desarrollo_de_Aplicaciones_TPI/tp_desarrollo/desApp-groupA-backend/target/classes/edu/unq/desapp/groupA/backend/service/CashRegisterService.class]: Instantiation of bean failed; nested exception is org.springframework.beans.BeanInstantiationException: Failed to instantiate [edu.unq.desapp.groupA.backend.service.CashRegisterService]: No default constructor found; nested exception is java.lang.NoSuchMethodException: edu.unq.desapp.groupA.backend.service.CashRegisterService.<init>()
	at org.springframework.beans.factory.support.AbstractAutowireCapableBeanFactory.instantiateBean(AbstractAutowireCapableBeanFactory.java:1093)
	at org.springframework.beans.factory.support.AbstractAutowireCapableBeanFactory.createBeanInstance(AbstractAutowireCapableBeanFactory.java:1038)
	at org.springframework.beans.factory.support.AbstractAutowireCapableBeanFactory.doCreateBean(AbstractAutowireCapableBeanFactory.java:504)
	at org.springframework.beans.factory.support.AbstractAutowireCapableBeanFactory.createBean(AbstractAutowireCapableBeanFactory.java:476)
	at org.springframework.beans.factory.support.AbstractBeanFactory$1.getObject(AbstractBeanFactory.java:302)
	at org.springframework.beans.factory.support.DefaultSingletonBeanRegistry.getSingleton(DefaultSingletonBeanRegistry.java:230)
	at org.springframework.beans.factory.support.AbstractBeanFactory.doGetBean(AbstractBeanFactory.java:298)
	at org.springframework.beans.factory.support.AbstractBeanFactory.getBean(AbstractBeanFactory.java:193)
	at org.springframework.beans.factory.support.DefaultListableBeanFactory.preInstantiateSingletons(DefaultListableBeanFactory.java:762)
	at org.springframework.context.support.AbstractApplicationContext.finishBeanFactoryInitialization(AbstractApplicationContext.java:757)
	at org.springframework.context.support.AbstractApplicationContext.refresh(AbstractApplicationContext.java:480)
	at org.springframework.test.context.support.AbstractGenericContextLoader.loadContext(AbstractGenericContextLoader.java:125)
	at org.springframework.test.context.support.AbstractGenericContextLoader.loadContext(AbstractGenericContextLoader.java:60)
	at org.springframework.test.context.support.AbstractDelegatingSmartContextLoader.delegateLoading(AbstractDelegatingSmartContextLoader.java:109)
	at org.springframework.test.context.support.AbstractDelegatingSmartContextLoader.loadContext(AbstractDelegatingSmartContextLoader.java:261)
	at org.springframework.test.context.DefaultCacheAwareContextLoaderDelegate.loadContextInternal(DefaultCacheAwareContextLoaderDelegate.java:68)
	at org.springframework.test.context.DefaultCacheAwareContextLoaderDelegate.loadContext(DefaultCacheAwareContextLoaderDelegate.java:86)
	at org.springframework.test.context.DefaultTestContext.getApplicationContext(DefaultTestContext.java:72)
	at org.springframework.test.context.support.DependencyInjectionTestExecutionListener.injectDependencies(DependencyInjectionTestExecutionListener.java:117)
	at org.springframework.test.context.support.DependencyInjectionTestExecutionListener.prepareTestInstance(DependencyInjectionTestExecutionListener.java:83)
	at org.springframework.test.context.TestContextManager.prepareTestInstance(TestContextManager.java:212)
	at org.springframework.test.context.junit4.SpringJUnit4ClassRunner.createTest(SpringJUnit4ClassRunner.java:200)
	at org.springframework.test.context.junit4.SpringJUnit4ClassRunner$1.runReflectiveCall(SpringJUnit4ClassRunner.java:252)
	at org.junit.internal.runners.model.ReflectiveCallable.run(ReflectiveCallable.java:12)
	at org.springframework.test.context.junit4.SpringJUnit4ClassRunner.methodBlock(SpringJUnit4ClassRunner.java:254)
	at org.springframework.test.context.junit4.SpringJUnit4ClassRunner.runChild(SpringJUnit4ClassRunner.java:217)
	at org.springframework.test.context.junit4.SpringJUnit4ClassRunner.runChild(SpringJUnit4ClassRunner.java:83)
	at org.junit.runners.ParentRunner$3.run(ParentRunner.java:290)
	at org.junit.runners.ParentRunner$1.schedule(ParentRunner.java:71)
	at org.junit.runners.ParentRunner.runChildren(ParentRunner.java:288)
	at org.junit.runners.ParentRunner.access$000(ParentRunner.java:58)
	at org.junit.runners.ParentRunner$2.evaluate(ParentRunner.java:268)
	at org.springframework.test.context.junit4.statements.RunBeforeTestClassCallbacks.evaluate(RunBeforeTestClassCallbacks.java:61)
	at org.springframework.test.context.junit4.statements.RunAfterTestClassCallbacks.evaluate(RunAfterTestClassCallbacks.java:68)
	at org.junit.runners.ParentRunner.run(ParentRunner.java:363)
	at org.springframework.test.context.junit4.SpringJUnit4ClassRunner.run(SpringJUnit4ClassRunner.java:163)
	at org.eclipse.jdt.internal.junit4.runner.JUnit4TestReference.run(JUnit4TestReference.java:86)
	at org.eclipse.jdt.internal.junit.runner.TestExecution.run(TestExecution.java:38)
	at org.eclipse.jdt.internal.junit.runner.RemoteTestRunner.runTests(RemoteTestRunner.java:459)
	at org.eclipse.jdt.internal.junit.runner.RemoteTestRunner.runTests(RemoteTestRunner.java:675)
	at org.eclipse.jdt.internal.junit.runner.RemoteTestRunner.run(RemoteTestRunner.java:382)
	at org.eclipse.jdt.internal.junit.runner.RemoteTestRunner.main(RemoteTestRunner.java:192)
Caused by: org.springframework.beans.BeanInstantiationException: Failed to instantiate [edu.unq.desapp.groupA.backend.service.CashRegisterService]: No default constructor found; nested exception is java.lang.NoSuchMethodException: edu.unq.desapp.groupA.backend.service.CashRegisterService.<init>()
	at org.springframework.beans.factory.support.SimpleInstantiationStrategy.instantiate(SimpleInstantiationStrategy.java:85)
	at org.springframework.beans.factory.support.AbstractAutowireCapableBeanFactory.instantiateBean(AbstractAutowireCapableBeanFactory.java:1086)
	... 41 more
Caused by: java.lang.NoSuchMethodException: edu.unq.desapp.groupA.backend.service.CashRegisterService.<init>()
	at java.lang.Class.getConstructor0(Class.java:3082)
	at java.lang.Class.getDeclaredConstructor(Class.java:2178)
	at org.springframework.beans.factory.support.SimpleInstantiationStrategy.instantiate(SimpleInstantiationStrategy.java:80)
	... 42 more
2017-05-09 17:09:04,096 ERROR org.springframework.test.context.TestContextManager (TestContextManager.java:215) - Caught exception while allowing TestExecutionListener [org.springframework.test.context.support.DependencyInjectionTestExecutionListener@272a179c] to prepare test instance [edu.unq.desapp.groupA.backend.repository.test.BrandPersistenceTest@30feffc]
java.lang.IllegalStateException: Failed to load ApplicationContext
	at org.springframework.test.context.DefaultCacheAwareContextLoaderDelegate.loadContext(DefaultCacheAwareContextLoaderDelegate.java:94)
	at org.springframework.test.context.DefaultTestContext.getApplicationContext(DefaultTestContext.java:72)
	at org.springframework.test.context.support.DependencyInjectionTestExecutionListener.injectDependencies(DependencyInjectionTestExecutionListener.java:117)
	at org.springframework.test.context.support.DependencyInjectionTestExecutionListener.prepareTestInstance(DependencyInjectionTestExecutionListener.java:83)
	at org.springframework.test.context.TestContextManager.prepareTestInstance(TestContextManager.java:212)
	at org.springframework.test.context.junit4.SpringJUnit4ClassRunner.createTest(SpringJUnit4ClassRunner.java:200)
	at org.springframework.test.context.junit4.SpringJUnit4ClassRunner$1.runReflectiveCall(SpringJUnit4ClassRunner.java:252)
	at org.junit.internal.runners.model.ReflectiveCallable.run(ReflectiveCallable.java:12)
	at org.springframework.test.context.junit4.SpringJUnit4ClassRunner.methodBlock(SpringJUnit4ClassRunner.java:254)
	at org.springframework.test.context.junit4.SpringJUnit4ClassRunner.runChild(SpringJUnit4ClassRunner.java:217)
	at org.springframework.test.context.junit4.SpringJUnit4ClassRunner.runChild(SpringJUnit4ClassRunner.java:83)
	at org.junit.runners.ParentRunner$3.run(ParentRunner.java:290)
	at org.junit.runners.ParentRunner$1.schedule(ParentRunner.java:71)
	at org.junit.runners.ParentRunner.runChildren(ParentRunner.java:288)
	at org.junit.runners.ParentRunner.access$000(ParentRunner.java:58)
	at org.junit.runners.ParentRunner$2.evaluate(ParentRunner.java:268)
	at org.springframework.test.context.junit4.statements.RunBeforeTestClassCallbacks.evaluate(RunBeforeTestClassCallbacks.java:61)
	at org.springframework.test.context.junit4.statements.RunAfterTestClassCallbacks.evaluate(RunAfterTestClassCallbacks.java:68)
	at org.junit.runners.ParentRunner.run(ParentRunner.java:363)
	at org.springframework.test.context.junit4.SpringJUnit4ClassRunner.run(SpringJUnit4ClassRunner.java:163)
	at org.eclipse.jdt.internal.junit4.runner.JUnit4TestReference.run(JUnit4TestReference.java:86)
	at org.eclipse.jdt.internal.junit.runner.TestExecution.run(TestExecution.java:38)
	at org.eclipse.jdt.internal.junit.runner.RemoteTestRunner.runTests(RemoteTestRunner.java:459)
	at org.eclipse.jdt.internal.junit.runner.RemoteTestRunner.runTests(RemoteTestRunner.java:675)
	at org.eclipse.jdt.internal.junit.runner.RemoteTestRunner.run(RemoteTestRunner.java:382)
	at org.eclipse.jdt.internal.junit.runner.RemoteTestRunner.main(RemoteTestRunner.java:192)
Caused by: org.springframework.beans.factory.BeanCreationException: Error creating bean with name 'cashRegisterService' defined in file [/home/jejo/Programación/Desarrollo_de_Aplicaciones_TPI/tp_desarrollo/desApp-groupA-backend/target/classes/edu/unq/desapp/groupA/backend/service/CashRegisterService.class]: Instantiation of bean failed; nested exception is org.springframework.beans.BeanInstantiationException: Failed to instantiate [edu.unq.desapp.groupA.backend.service.CashRegisterService]: No default constructor found; nested exception is java.lang.NoSuchMethodException: edu.unq.desapp.groupA.backend.service.CashRegisterService.<init>()
	at org.springframework.beans.factory.support.AbstractAutowireCapableBeanFactory.instantiateBean(AbstractAutowireCapableBeanFactory.java:1093)
	at org.springframework.beans.factory.support.AbstractAutowireCapableBeanFactory.createBeanInstance(AbstractAutowireCapableBeanFactory.java:1038)
	at org.springframework.beans.factory.support.AbstractAutowireCapableBeanFactory.doCreateBean(AbstractAutowireCapableBeanFactory.java:504)
	at org.springframework.beans.factory.support.AbstractAutowireCapableBeanFactory.createBean(AbstractAutowireCapableBeanFactory.java:476)
	at org.springframework.beans.factory.support.AbstractBeanFactory$1.getObject(AbstractBeanFactory.java:302)
	at org.springframework.beans.factory.support.DefaultSingletonBeanRegistry.getSingleton(DefaultSingletonBeanRegistry.java:230)
	at org.springframework.beans.factory.support.AbstractBeanFactory.doGetBean(AbstractBeanFactory.java:298)
	at org.springframework.beans.factory.support.AbstractBeanFactory.getBean(AbstractBeanFactory.java:193)
	at org.springframework.beans.factory.support.DefaultListableBeanFactory.preInstantiateSingletons(DefaultListableBeanFactory.java:762)
	at org.springframework.context.support.AbstractApplicationContext.finishBeanFactoryInitialization(AbstractApplicationContext.java:757)
	at org.springframework.context.support.AbstractApplicationContext.refresh(AbstractApplicationContext.java:480)
	at org.springframework.test.context.support.AbstractGenericContextLoader.loadContext(AbstractGenericContextLoader.java:125)
	at org.springframework.test.context.support.AbstractGenericContextLoader.loadContext(AbstractGenericContextLoader.java:60)
	at org.springframework.test.context.support.AbstractDelegatingSmartContextLoader.delegateLoading(AbstractDelegatingSmartContextLoader.java:109)
	at org.springframework.test.context.support.AbstractDelegatingSmartContextLoader.loadContext(AbstractDelegatingSmartContextLoader.java:261)
	at org.springframework.test.context.DefaultCacheAwareContextLoaderDelegate.loadContextInternal(DefaultCacheAwareContextLoaderDelegate.java:68)
	at org.springframework.test.context.DefaultCacheAwareContextLoaderDelegate.loadContext(DefaultCacheAwareContextLoaderDelegate.java:86)
	... 25 more
Caused by: org.springframework.beans.BeanInstantiationException: Failed to instantiate [edu.unq.desapp.groupA.backend.service.CashRegisterService]: No default constructor found; nested exception is java.lang.NoSuchMethodException: edu.unq.desapp.groupA.backend.service.CashRegisterService.<init>()
	at org.springframework.beans.factory.support.SimpleInstantiationStrategy.instantiate(SimpleInstantiationStrategy.java:85)
	at org.springframework.beans.factory.support.AbstractAutowireCapableBeanFactory.instantiateBean(AbstractAutowireCapableBeanFactory.java:1086)
	... 41 more
Caused by: java.lang.NoSuchMethodException: edu.unq.desapp.groupA.backend.service.CashRegisterService.<init>()
	at java.lang.Class.getConstructor0(Class.java:3082)
	at java.lang.Class.getDeclaredConstructor(Class.java:2178)
	at org.springframework.beans.factory.support.SimpleInstantiationStrategy.instantiate(SimpleInstantiationStrategy.java:80)
	... 42 more
2017-05-09 17:09:45,344 ERROR org.hibernate.tool.hbm2ddl.SchemaExport (SchemaExport.java:425) - HHH000389: Unsuccessful: alter table carts drop constraint FK_kd0j7g2ara8c0s9fkf8etkqhw
2017-05-09 17:09:45,347 ERROR org.hibernate.tool.hbm2ddl.SchemaExport (SchemaExport.java:426) - usuario no tiene privilegios suficientes o objeto no encontrado: PUBLIC.CARTS
2017-05-09 17:09:45,348 ERROR org.hibernate.tool.hbm2ddl.SchemaExport (SchemaExport.java:425) - HHH000389: Unsuccessful: alter table discounts_per_product drop constraint FK_2t3jlv9ilimgx2gvbjpivs5ih
2017-05-09 17:09:45,349 ERROR org.hibernate.tool.hbm2ddl.SchemaExport (SchemaExport.java:426) - usuario no tiene privilegios suficientes o objeto no encontrado: PUBLIC.DISCOUNTS_PER_PRODUCT
2017-05-09 17:09:45,349 ERROR org.hibernate.tool.hbm2ddl.SchemaExport (SchemaExport.java:425) - HHH000389: Unsuccessful: alter table discounts_per_product_category drop constraint FK_rlcvv0sbimdj3wrfhqa6n59tx
2017-05-09 17:09:45,349 ERROR org.hibernate.tool.hbm2ddl.SchemaExport (SchemaExport.java:426) - usuario no tiene privilegios suficientes o objeto no encontrado: PUBLIC.DISCOUNTS_PER_PRODUCT_CATEGORY
2017-05-09 17:09:45,350 ERROR org.hibernate.tool.hbm2ddl.SchemaExport (SchemaExport.java:425) - HHH000389: Unsuccessful: alter table prices drop constraint FK_j66emjiiimluy2q5kacrmxws
2017-05-09 17:09:45,350 ERROR org.hibernate.tool.hbm2ddl.SchemaExport (SchemaExport.java:426) - usuario no tiene privilegios suficientes o objeto no encontrado: PUBLIC.PRICES
2017-05-09 17:09:45,351 ERROR org.hibernate.tool.hbm2ddl.SchemaExport (SchemaExport.java:425) - HHH000389: Unsuccessful: alter table products drop constraint FK_6hy60v15d0rxyov6x0b71wx61
2017-05-09 17:09:45,351 ERROR org.hibernate.tool.hbm2ddl.SchemaExport (SchemaExport.java:426) - usuario no tiene privilegios suficientes o objeto no encontrado: PUBLIC.PRODUCTS
2017-05-09 17:09:45,352 ERROR org.hibernate.tool.hbm2ddl.SchemaExport (SchemaExport.java:425) - HHH000389: Unsuccessful: alter table products drop constraint FK_bo4t9moxwowswgg5jncfwtbbr
2017-05-09 17:09:45,352 ERROR org.hibernate.tool.hbm2ddl.SchemaExport (SchemaExport.java:426) - usuario no tiene privilegios suficientes o objeto no encontrado: PUBLIC.PRODUCTS
2017-05-09 17:09:45,353 ERROR org.hibernate.tool.hbm2ddl.SchemaExport (SchemaExport.java:425) - HHH000389: Unsuccessful: alter table products_products_categories drop constraint FK_72r89e6q7pjsf2fy080rwo3kb
2017-05-09 17:09:45,353 ERROR org.hibernate.tool.hbm2ddl.SchemaExport (SchemaExport.java:426) - usuario no tiene privilegios suficientes o objeto no encontrado: PUBLIC.PRODUCTS_PRODUCTS_CATEGORIES
2017-05-09 17:09:45,353 ERROR org.hibernate.tool.hbm2ddl.SchemaExport (SchemaExport.java:425) - HHH000389: Unsuccessful: alter table products_products_categories drop constraint FK_s3y2vmkv07o7cg3n60jxwr6ep
2017-05-09 17:09:45,354 ERROR org.hibernate.tool.hbm2ddl.SchemaExport (SchemaExport.java:426) - usuario no tiene privilegios suficientes o objeto no encontrado: PUBLIC.PRODUCTS_PRODUCTS_CATEGORIES
2017-05-09 17:09:45,356 ERROR org.hibernate.tool.hbm2ddl.SchemaExport (SchemaExport.java:425) - HHH000389: Unsuccessful: alter table purchases drop constraint FK_tm28ebnkrr31wdbhmjkt7s5fw
2017-05-09 17:09:45,356 ERROR org.hibernate.tool.hbm2ddl.SchemaExport (SchemaExport.java:426) - usuario no tiene privilegios suficientes o objeto no encontrado: PUBLIC.PURCHASES
2017-05-09 17:09:45,357 ERROR org.hibernate.tool.hbm2ddl.SchemaExport (SchemaExport.java:425) - HHH000389: Unsuccessful: alter table purchases drop constraint FK_6mnnj5sx418yjum97fhlcukl6
2017-05-09 17:09:45,357 ERROR org.hibernate.tool.hbm2ddl.SchemaExport (SchemaExport.java:426) - usuario no tiene privilegios suficientes o objeto no encontrado: PUBLIC.PURCHASES
2017-05-09 17:09:45,357 ERROR org.hibernate.tool.hbm2ddl.SchemaExport (SchemaExport.java:425) - HHH000389: Unsuccessful: alter table purchases drop constraint FK_fo88022au8crbsmi34k9i7dgi
2017-05-09 17:09:45,358 ERROR org.hibernate.tool.hbm2ddl.SchemaExport (SchemaExport.java:426) - usuario no tiene privilegios suficientes o objeto no encontrado: PUBLIC.PURCHASES
2017-05-09 17:09:45,358 ERROR org.hibernate.tool.hbm2ddl.SchemaExport (SchemaExport.java:425) - HHH000389: Unsuccessful: alter table purchases drop constraint FK_dq4oj8cchwv09dot5j248b6xp
2017-05-09 17:09:45,359 ERROR org.hibernate.tool.hbm2ddl.SchemaExport (SchemaExport.java:426) - usuario no tiene privilegios suficientes o objeto no encontrado: PUBLIC.PURCHASES
2017-05-09 17:09:45,360 ERROR org.hibernate.tool.hbm2ddl.SchemaExport (SchemaExport.java:425) - HHH000389: Unsuccessful: alter table stocks drop constraint FK_htp625bmmsb6gay567r5sdfoc
2017-05-09 17:09:45,360 ERROR org.hibernate.tool.hbm2ddl.SchemaExport (SchemaExport.java:426) - usuario no tiene privilegios suficientes o objeto no encontrado: PUBLIC.STOCKS
2017-05-09 17:09:45,361 ERROR org.hibernate.tool.hbm2ddl.SchemaExport (SchemaExport.java:425) - HHH000389: Unsuccessful: alter table thresholds_product_category drop constraint FK_apfi2fpldfj0ba4vwlki4yvau
2017-05-09 17:09:45,361 ERROR org.hibernate.tool.hbm2ddl.SchemaExport (SchemaExport.java:426) - usuario no tiene privilegios suficientes o objeto no encontrado: PUBLIC.THRESHOLDS_PRODUCT_CATEGORY
2017-05-09 17:09:45,974 WARN  org.springframework.context.support.AbstractApplicationContext (AbstractApplicationContext.java:487) - Exception encountered during context initialization - cancelling refresh attempt
org.springframework.beans.factory.BeanCreationException: Error creating bean with name 'priceService' defined in file [/home/jejo/Programación/Desarrollo_de_Aplicaciones_TPI/tp_desarrollo/desApp-groupA-backend/target/classes/edu/unq/desapp/groupA/backend/service/PriceService.class]: Instantiation of bean failed; nested exception is org.springframework.beans.BeanInstantiationException: Failed to instantiate [edu.unq.desapp.groupA.backend.service.PriceService]: No default constructor found; nested exception is java.lang.NoSuchMethodException: edu.unq.desapp.groupA.backend.service.PriceService.<init>()
	at org.springframework.beans.factory.support.AbstractAutowireCapableBeanFactory.instantiateBean(AbstractAutowireCapableBeanFactory.java:1093)
	at org.springframework.beans.factory.support.AbstractAutowireCapableBeanFactory.createBeanInstance(AbstractAutowireCapableBeanFactory.java:1038)
	at org.springframework.beans.factory.support.AbstractAutowireCapableBeanFactory.doCreateBean(AbstractAutowireCapableBeanFactory.java:504)
	at org.springframework.beans.factory.support.AbstractAutowireCapableBeanFactory.createBean(AbstractAutowireCapableBeanFactory.java:476)
	at org.springframework.beans.factory.support.AbstractBeanFactory$1.getObject(AbstractBeanFactory.java:302)
	at org.springframework.beans.factory.support.DefaultSingletonBeanRegistry.getSingleton(DefaultSingletonBeanRegistry.java:230)
	at org.springframework.beans.factory.support.AbstractBeanFactory.doGetBean(AbstractBeanFactory.java:298)
	at org.springframework.beans.factory.support.AbstractBeanFactory.getBean(AbstractBeanFactory.java:193)
	at org.springframework.beans.factory.support.DefaultListableBeanFactory.preInstantiateSingletons(DefaultListableBeanFactory.java:762)
	at org.springframework.context.support.AbstractApplicationContext.finishBeanFactoryInitialization(AbstractApplicationContext.java:757)
	at org.springframework.context.support.AbstractApplicationContext.refresh(AbstractApplicationContext.java:480)
	at org.springframework.test.context.support.AbstractGenericContextLoader.loadContext(AbstractGenericContextLoader.java:125)
	at org.springframework.test.context.support.AbstractGenericContextLoader.loadContext(AbstractGenericContextLoader.java:60)
	at org.springframework.test.context.support.AbstractDelegatingSmartContextLoader.delegateLoading(AbstractDelegatingSmartContextLoader.java:109)
	at org.springframework.test.context.support.AbstractDelegatingSmartContextLoader.loadContext(AbstractDelegatingSmartContextLoader.java:261)
	at org.springframework.test.context.DefaultCacheAwareContextLoaderDelegate.loadContextInternal(DefaultCacheAwareContextLoaderDelegate.java:68)
	at org.springframework.test.context.DefaultCacheAwareContextLoaderDelegate.loadContext(DefaultCacheAwareContextLoaderDelegate.java:86)
	at org.springframework.test.context.DefaultTestContext.getApplicationContext(DefaultTestContext.java:72)
	at org.springframework.test.context.support.DependencyInjectionTestExecutionListener.injectDependencies(DependencyInjectionTestExecutionListener.java:117)
	at org.springframework.test.context.support.DependencyInjectionTestExecutionListener.prepareTestInstance(DependencyInjectionTestExecutionListener.java:83)
	at org.springframework.test.context.TestContextManager.prepareTestInstance(TestContextManager.java:212)
	at org.springframework.test.context.junit4.SpringJUnit4ClassRunner.createTest(SpringJUnit4ClassRunner.java:200)
	at org.springframework.test.context.junit4.SpringJUnit4ClassRunner$1.runReflectiveCall(SpringJUnit4ClassRunner.java:252)
	at org.junit.internal.runners.model.ReflectiveCallable.run(ReflectiveCallable.java:12)
	at org.springframework.test.context.junit4.SpringJUnit4ClassRunner.methodBlock(SpringJUnit4ClassRunner.java:254)
	at org.springframework.test.context.junit4.SpringJUnit4ClassRunner.runChild(SpringJUnit4ClassRunner.java:217)
	at org.springframework.test.context.junit4.SpringJUnit4ClassRunner.runChild(SpringJUnit4ClassRunner.java:83)
	at org.junit.runners.ParentRunner$3.run(ParentRunner.java:290)
	at org.junit.runners.ParentRunner$1.schedule(ParentRunner.java:71)
	at org.junit.runners.ParentRunner.runChildren(ParentRunner.java:288)
	at org.junit.runners.ParentRunner.access$000(ParentRunner.java:58)
	at org.junit.runners.ParentRunner$2.evaluate(ParentRunner.java:268)
	at org.springframework.test.context.junit4.statements.RunBeforeTestClassCallbacks.evaluate(RunBeforeTestClassCallbacks.java:61)
	at org.springframework.test.context.junit4.statements.RunAfterTestClassCallbacks.evaluate(RunAfterTestClassCallbacks.java:68)
	at org.junit.runners.ParentRunner.run(ParentRunner.java:363)
	at org.springframework.test.context.junit4.SpringJUnit4ClassRunner.run(SpringJUnit4ClassRunner.java:163)
	at org.eclipse.jdt.internal.junit4.runner.JUnit4TestReference.run(JUnit4TestReference.java:86)
	at org.eclipse.jdt.internal.junit.runner.TestExecution.run(TestExecution.java:38)
	at org.eclipse.jdt.internal.junit.runner.RemoteTestRunner.runTests(RemoteTestRunner.java:459)
	at org.eclipse.jdt.internal.junit.runner.RemoteTestRunner.runTests(RemoteTestRunner.java:675)
	at org.eclipse.jdt.internal.junit.runner.RemoteTestRunner.run(RemoteTestRunner.java:382)
	at org.eclipse.jdt.internal.junit.runner.RemoteTestRunner.main(RemoteTestRunner.java:192)
Caused by: org.springframework.beans.BeanInstantiationException: Failed to instantiate [edu.unq.desapp.groupA.backend.service.PriceService]: No default constructor found; nested exception is java.lang.NoSuchMethodException: edu.unq.desapp.groupA.backend.service.PriceService.<init>()
	at org.springframework.beans.factory.support.SimpleInstantiationStrategy.instantiate(SimpleInstantiationStrategy.java:85)
	at org.springframework.beans.factory.support.AbstractAutowireCapableBeanFactory.instantiateBean(AbstractAutowireCapableBeanFactory.java:1086)
	... 41 more
Caused by: java.lang.NoSuchMethodException: edu.unq.desapp.groupA.backend.service.PriceService.<init>()
	at java.lang.Class.getConstructor0(Class.java:3082)
	at java.lang.Class.getDeclaredConstructor(Class.java:2178)
	at org.springframework.beans.factory.support.SimpleInstantiationStrategy.instantiate(SimpleInstantiationStrategy.java:80)
	... 42 more
2017-05-09 17:09:46,000 ERROR org.springframework.test.context.TestContextManager (TestContextManager.java:215) - Caught exception while allowing TestExecutionListener [org.springframework.test.context.support.DependencyInjectionTestExecutionListener@37c5fc56] to prepare test instance [edu.unq.desapp.groupA.backend.repository.test.BrandPersistenceTest@1c025cb]
java.lang.IllegalStateException: Failed to load ApplicationContext
	at org.springframework.test.context.DefaultCacheAwareContextLoaderDelegate.loadContext(DefaultCacheAwareContextLoaderDelegate.java:94)
	at org.springframework.test.context.DefaultTestContext.getApplicationContext(DefaultTestContext.java:72)
	at org.springframework.test.context.support.DependencyInjectionTestExecutionListener.injectDependencies(DependencyInjectionTestExecutionListener.java:117)
	at org.springframework.test.context.support.DependencyInjectionTestExecutionListener.prepareTestInstance(DependencyInjectionTestExecutionListener.java:83)
	at org.springframework.test.context.TestContextManager.prepareTestInstance(TestContextManager.java:212)
	at org.springframework.test.context.junit4.SpringJUnit4ClassRunner.createTest(SpringJUnit4ClassRunner.java:200)
	at org.springframework.test.context.junit4.SpringJUnit4ClassRunner$1.runReflectiveCall(SpringJUnit4ClassRunner.java:252)
	at org.junit.internal.runners.model.ReflectiveCallable.run(ReflectiveCallable.java:12)
	at org.springframework.test.context.junit4.SpringJUnit4ClassRunner.methodBlock(SpringJUnit4ClassRunner.java:254)
	at org.springframework.test.context.junit4.SpringJUnit4ClassRunner.runChild(SpringJUnit4ClassRunner.java:217)
	at org.springframework.test.context.junit4.SpringJUnit4ClassRunner.runChild(SpringJUnit4ClassRunner.java:83)
	at org.junit.runners.ParentRunner$3.run(ParentRunner.java:290)
	at org.junit.runners.ParentRunner$1.schedule(ParentRunner.java:71)
	at org.junit.runners.ParentRunner.runChildren(ParentRunner.java:288)
	at org.junit.runners.ParentRunner.access$000(ParentRunner.java:58)
	at org.junit.runners.ParentRunner$2.evaluate(ParentRunner.java:268)
	at org.springframework.test.context.junit4.statements.RunBeforeTestClassCallbacks.evaluate(RunBeforeTestClassCallbacks.java:61)
	at org.springframework.test.context.junit4.statements.RunAfterTestClassCallbacks.evaluate(RunAfterTestClassCallbacks.java:68)
	at org.junit.runners.ParentRunner.run(ParentRunner.java:363)
	at org.springframework.test.context.junit4.SpringJUnit4ClassRunner.run(SpringJUnit4ClassRunner.java:163)
	at org.eclipse.jdt.internal.junit4.runner.JUnit4TestReference.run(JUnit4TestReference.java:86)
	at org.eclipse.jdt.internal.junit.runner.TestExecution.run(TestExecution.java:38)
	at org.eclipse.jdt.internal.junit.runner.RemoteTestRunner.runTests(RemoteTestRunner.java:459)
	at org.eclipse.jdt.internal.junit.runner.RemoteTestRunner.runTests(RemoteTestRunner.java:675)
	at org.eclipse.jdt.internal.junit.runner.RemoteTestRunner.run(RemoteTestRunner.java:382)
	at org.eclipse.jdt.internal.junit.runner.RemoteTestRunner.main(RemoteTestRunner.java:192)
Caused by: org.springframework.beans.factory.BeanCreationException: Error creating bean with name 'priceService' defined in file [/home/jejo/Programación/Desarrollo_de_Aplicaciones_TPI/tp_desarrollo/desApp-groupA-backend/target/classes/edu/unq/desapp/groupA/backend/service/PriceService.class]: Instantiation of bean failed; nested exception is org.springframework.beans.BeanInstantiationException: Failed to instantiate [edu.unq.desapp.groupA.backend.service.PriceService]: No default constructor found; nested exception is java.lang.NoSuchMethodException: edu.unq.desapp.groupA.backend.service.PriceService.<init>()
	at org.springframework.beans.factory.support.AbstractAutowireCapableBeanFactory.instantiateBean(AbstractAutowireCapableBeanFactory.java:1093)
	at org.springframework.beans.factory.support.AbstractAutowireCapableBeanFactory.createBeanInstance(AbstractAutowireCapableBeanFactory.java:1038)
	at org.springframework.beans.factory.support.AbstractAutowireCapableBeanFactory.doCreateBean(AbstractAutowireCapableBeanFactory.java:504)
	at org.springframework.beans.factory.support.AbstractAutowireCapableBeanFactory.createBean(AbstractAutowireCapableBeanFactory.java:476)
	at org.springframework.beans.factory.support.AbstractBeanFactory$1.getObject(AbstractBeanFactory.java:302)
	at org.springframework.beans.factory.support.DefaultSingletonBeanRegistry.getSingleton(DefaultSingletonBeanRegistry.java:230)
	at org.springframework.beans.factory.support.AbstractBeanFactory.doGetBean(AbstractBeanFactory.java:298)
	at org.springframework.beans.factory.support.AbstractBeanFactory.getBean(AbstractBeanFactory.java:193)
	at org.springframework.beans.factory.support.DefaultListableBeanFactory.preInstantiateSingletons(DefaultListableBeanFactory.java:762)
	at org.springframework.context.support.AbstractApplicationContext.finishBeanFactoryInitialization(AbstractApplicationContext.java:757)
	at org.springframework.context.support.AbstractApplicationContext.refresh(AbstractApplicationContext.java:480)
	at org.springframework.test.context.support.AbstractGenericContextLoader.loadContext(AbstractGenericContextLoader.java:125)
	at org.springframework.test.context.support.AbstractGenericContextLoader.loadContext(AbstractGenericContextLoader.java:60)
	at org.springframework.test.context.support.AbstractDelegatingSmartContextLoader.delegateLoading(AbstractDelegatingSmartContextLoader.java:109)
	at org.springframework.test.context.support.AbstractDelegatingSmartContextLoader.loadContext(AbstractDelegatingSmartContextLoader.java:261)
	at org.springframework.test.context.DefaultCacheAwareContextLoaderDelegate.loadContextInternal(DefaultCacheAwareContextLoaderDelegate.java:68)
	at org.springframework.test.context.DefaultCacheAwareContextLoaderDelegate.loadContext(DefaultCacheAwareContextLoaderDelegate.java:86)
	... 25 more
Caused by: org.springframework.beans.BeanInstantiationException: Failed to instantiate [edu.unq.desapp.groupA.backend.service.PriceService]: No default constructor found; nested exception is java.lang.NoSuchMethodException: edu.unq.desapp.groupA.backend.service.PriceService.<init>()
	at org.springframework.beans.factory.support.SimpleInstantiationStrategy.instantiate(SimpleInstantiationStrategy.java:85)
	at org.springframework.beans.factory.support.AbstractAutowireCapableBeanFactory.instantiateBean(AbstractAutowireCapableBeanFactory.java:1086)
	... 41 more
Caused by: java.lang.NoSuchMethodException: edu.unq.desapp.groupA.backend.service.PriceService.<init>()
	at java.lang.Class.getConstructor0(Class.java:3082)
	at java.lang.Class.getDeclaredConstructor(Class.java:2178)
	at org.springframework.beans.factory.support.SimpleInstantiationStrategy.instantiate(SimpleInstantiationStrategy.java:80)
	... 42 more
2017-05-09 17:18:48,822 ERROR org.hibernate.tool.hbm2ddl.SchemaExport (SchemaExport.java:425) - HHH000389: Unsuccessful: alter table carts drop constraint FK_kd0j7g2ara8c0s9fkf8etkqhw
2017-05-09 17:18:48,825 ERROR org.hibernate.tool.hbm2ddl.SchemaExport (SchemaExport.java:426) - usuario no tiene privilegios suficientes o objeto no encontrado: PUBLIC.CARTS
2017-05-09 17:18:48,827 ERROR org.hibernate.tool.hbm2ddl.SchemaExport (SchemaExport.java:425) - HHH000389: Unsuccessful: alter table discounts_per_product drop constraint FK_2t3jlv9ilimgx2gvbjpivs5ih
2017-05-09 17:18:48,828 ERROR org.hibernate.tool.hbm2ddl.SchemaExport (SchemaExport.java:426) - usuario no tiene privilegios suficientes o objeto no encontrado: PUBLIC.DISCOUNTS_PER_PRODUCT
2017-05-09 17:18:48,828 ERROR org.hibernate.tool.hbm2ddl.SchemaExport (SchemaExport.java:425) - HHH000389: Unsuccessful: alter table discounts_per_product_category drop constraint FK_rlcvv0sbimdj3wrfhqa6n59tx
2017-05-09 17:18:48,829 ERROR org.hibernate.tool.hbm2ddl.SchemaExport (SchemaExport.java:426) - usuario no tiene privilegios suficientes o objeto no encontrado: PUBLIC.DISCOUNTS_PER_PRODUCT_CATEGORY
2017-05-09 17:18:48,829 ERROR org.hibernate.tool.hbm2ddl.SchemaExport (SchemaExport.java:425) - HHH000389: Unsuccessful: alter table prices drop constraint FK_j66emjiiimluy2q5kacrmxws
2017-05-09 17:18:48,830 ERROR org.hibernate.tool.hbm2ddl.SchemaExport (SchemaExport.java:426) - usuario no tiene privilegios suficientes o objeto no encontrado: PUBLIC.PRICES
2017-05-09 17:18:48,830 ERROR org.hibernate.tool.hbm2ddl.SchemaExport (SchemaExport.java:425) - HHH000389: Unsuccessful: alter table products drop constraint FK_6hy60v15d0rxyov6x0b71wx61
2017-05-09 17:18:48,831 ERROR org.hibernate.tool.hbm2ddl.SchemaExport (SchemaExport.java:426) - usuario no tiene privilegios suficientes o objeto no encontrado: PUBLIC.PRODUCTS
2017-05-09 17:18:48,831 ERROR org.hibernate.tool.hbm2ddl.SchemaExport (SchemaExport.java:425) - HHH000389: Unsuccessful: alter table products drop constraint FK_bo4t9moxwowswgg5jncfwtbbr
2017-05-09 17:18:48,831 ERROR org.hibernate.tool.hbm2ddl.SchemaExport (SchemaExport.java:426) - usuario no tiene privilegios suficientes o objeto no encontrado: PUBLIC.PRODUCTS
2017-05-09 17:18:48,832 ERROR org.hibernate.tool.hbm2ddl.SchemaExport (SchemaExport.java:425) - HHH000389: Unsuccessful: alter table products_products_categories drop constraint FK_72r89e6q7pjsf2fy080rwo3kb
2017-05-09 17:18:48,832 ERROR org.hibernate.tool.hbm2ddl.SchemaExport (SchemaExport.java:426) - usuario no tiene privilegios suficientes o objeto no encontrado: PUBLIC.PRODUCTS_PRODUCTS_CATEGORIES
2017-05-09 17:18:48,833 ERROR org.hibernate.tool.hbm2ddl.SchemaExport (SchemaExport.java:425) - HHH000389: Unsuccessful: alter table products_products_categories drop constraint FK_s3y2vmkv07o7cg3n60jxwr6ep
2017-05-09 17:18:48,833 ERROR org.hibernate.tool.hbm2ddl.SchemaExport (SchemaExport.java:426) - usuario no tiene privilegios suficientes o objeto no encontrado: PUBLIC.PRODUCTS_PRODUCTS_CATEGORIES
2017-05-09 17:18:48,835 ERROR org.hibernate.tool.hbm2ddl.SchemaExport (SchemaExport.java:425) - HHH000389: Unsuccessful: alter table purchases drop constraint FK_tm28ebnkrr31wdbhmjkt7s5fw
2017-05-09 17:18:48,835 ERROR org.hibernate.tool.hbm2ddl.SchemaExport (SchemaExport.java:426) - usuario no tiene privilegios suficientes o objeto no encontrado: PUBLIC.PURCHASES
2017-05-09 17:18:48,836 ERROR org.hibernate.tool.hbm2ddl.SchemaExport (SchemaExport.java:425) - HHH000389: Unsuccessful: alter table purchases drop constraint FK_6mnnj5sx418yjum97fhlcukl6
2017-05-09 17:18:48,836 ERROR org.hibernate.tool.hbm2ddl.SchemaExport (SchemaExport.java:426) - usuario no tiene privilegios suficientes o objeto no encontrado: PUBLIC.PURCHASES
2017-05-09 17:18:48,837 ERROR org.hibernate.tool.hbm2ddl.SchemaExport (SchemaExport.java:425) - HHH000389: Unsuccessful: alter table purchases drop constraint FK_fo88022au8crbsmi34k9i7dgi
2017-05-09 17:18:48,837 ERROR org.hibernate.tool.hbm2ddl.SchemaExport (SchemaExport.java:426) - usuario no tiene privilegios suficientes o objeto no encontrado: PUBLIC.PURCHASES
2017-05-09 17:18:48,838 ERROR org.hibernate.tool.hbm2ddl.SchemaExport (SchemaExport.java:425) - HHH000389: Unsuccessful: alter table purchases drop constraint FK_dq4oj8cchwv09dot5j248b6xp
2017-05-09 17:18:48,838 ERROR org.hibernate.tool.hbm2ddl.SchemaExport (SchemaExport.java:426) - usuario no tiene privilegios suficientes o objeto no encontrado: PUBLIC.PURCHASES
2017-05-09 17:18:48,839 ERROR org.hibernate.tool.hbm2ddl.SchemaExport (SchemaExport.java:425) - HHH000389: Unsuccessful: alter table stocks drop constraint FK_htp625bmmsb6gay567r5sdfoc
2017-05-09 17:18:48,840 ERROR org.hibernate.tool.hbm2ddl.SchemaExport (SchemaExport.java:426) - usuario no tiene privilegios suficientes o objeto no encontrado: PUBLIC.STOCKS
2017-05-09 17:18:48,840 ERROR org.hibernate.tool.hbm2ddl.SchemaExport (SchemaExport.java:425) - HHH000389: Unsuccessful: alter table thresholds_product_category drop constraint FK_apfi2fpldfj0ba4vwlki4yvau
2017-05-09 17:18:48,841 ERROR org.hibernate.tool.hbm2ddl.SchemaExport (SchemaExport.java:426) - usuario no tiene privilegios suficientes o objeto no encontrado: PUBLIC.THRESHOLDS_PRODUCT_CATEGORY
